#
# A fatal error has been detected by the Java Runtime Environment:
#
#  SIGSEGV (0xb) at pc=0x0000000000000000, pid=31822, tid=140690611222272
#
# JRE version: 7.0_11-b21
# Java VM: Java HotSpot(TM) 64-Bit Server VM (23.6-b04 mixed mode linux-amd64 compressed oops)
# Problematic frame:
# C  0x0000000000000000
#
# Failed to write core dump. Core dumps have been disabled. To enable core dumping, try "ulimit -c unlimited" before starting Java again
#
# If you would like to submit a bug report, please visit:
#   http://bugreport.sun.com/bugreport/crash.jsp
#

---------------  T H R E A D  ---------------

Current thread is native thread

siginfo:si_signo=SIGSEGV: si_errno=0, si_code=1 (SEGV_MAPERR), si_addr=0x0000000000000000

Registers:
RAX=0x00007ff4bdbe97c0, RBX=0x0000000000000400, RCX=0x0000000000000000, RDX=0x0000000000000000
RSP=0x00007ff515e7ace8, RBP=0x00007ff4d43ad9e0, RSI=0x0000000000000000, RDI=0x00007ff4d43ad9e0
R8 =0x0000000000000000, R9 =0x0000000000100000, R10=0x0000000000000000, R11=0x00007ff528e8c67d
R12=0x00007ff4d43b1b70, R13=0x0000000000012000, R14=0x0000000000001000, R15=0x00007ff515e7ae98
RIP=0x0000000000000000, EFLAGS=0x0000000000010246, CSGSFS=0x0000000000000033, ERR=0x0000000000000014
  TRAPNO=0x000000000000000e

Top of Stack: (sp=0x00007ff515e7ace8)
0x00007ff515e7ace8:   00007ff4bd9b24d1 00007ff4cc0010e0
0x00007ff515e7acf8:   00007ff4bd2e6c0a 00000000bb800000
0x00007ff515e7ad08:   00007ff4bd2e05fe 00007ff400000000
0x00007ff515e7ad18:   0000000000000000 0000000000000000
0x00007ff515e7ad28:   00007ff4d4311f00 0000000000002000
0x00007ff515e7ad38:   00007ff4bd2ee8c3 00007ff4cc000d40
0x00007ff515e7ad48:   0000000000000000 0000000000000001
0x00007ff515e7ad58:   0000000119040582 00007ff4cc000e30
0x00007ff515e7ad68:   0000000000002000 0000000000002000
0x00007ff515e7ad78:   00007ff4bd2f0679 0000000000000008
0x00007ff515e7ad88:   0000000000000000 0000000000000000
0x00007ff515e7ad98:   0000000000000000 0000000000000000
0x00007ff515e7ada8:   0000000000002000 00007ff4d4311f00
0x00007ff515e7adb8:   00007ff515e7ae90 000000000000ffc0
0x00007ff515e7adc8:   00007ff4bd2f080b 0000000000000000
0x00007ff515e7add8:   00007ff4d43b1b70 00007ff4bd307860
0x00007ff515e7ade8:   00007ff4bd758a02 00007ff4b7132040
0x00007ff515e7adf8:   00007ff4b71a0040 00000400297e52c0
0x00007ff515e7ae08:   00007ff515e7ae20 00007ff515e7ae98
0x00007ff515e7ae18:   00007ff4bd75dd08 00001fa00000037f
0x00007ff515e7ae28:   00007ff4bd2d4306 00007ff4d4312070
0x00007ff515e7ae38:   0000000000002000 00007ff4d430ee20
0x00007ff515e7ae48:   0000000000000000 00007ff4d43ad9e0
0x00007ff515e7ae58:   0000000000000008 00007ff515e7ae98
0x00007ff515e7ae68:   00007ff4bd9c8544 000101f500000004
0x00007ff515e7ae78:   00007ff515e7ae90 0000000000002000
0x00007ff515e7ae88:   0000000000006000 00007ff4b71a0040
0x00007ff515e7ae98:   0000000000002000 00007ff515e7b700
0x00007ff515e7aea8:   00007ff4d43cbfa0 0000000000000000
0x00007ff515e7aeb8:   0000000000000000 00007ff52029b720
0x00007ff515e7aec8:   0000000000000010 00007ff515e7b700
0x00007ff515e7aed8:   00007ff4bd9bb73a 0000000000000000 

Instructions: (pc=0x0000000000000000)
0xffffffffffffffe0:   

Register to memory mapping:

RAX=0x00007ff4bdbe97c0: <offset 0x2577c0> in /home/yahooguntu/programs/TermProject/libopenal64.so at 0x00007ff4bd992000
RBX=0x0000000000000400 is an unknown value
RCX=0x0000000000000000 is an unknown value
RDX=0x0000000000000000 is an unknown value
RSP=0x00007ff515e7ace8 is an unknown value
RBP=0x00007ff4d43ad9e0 is an unknown value
RSI=0x0000000000000000 is an unknown value
RDI=0x00007ff4d43ad9e0 is an unknown value
R8 =0x0000000000000000 is an unknown value
R9 =0x0000000000100000 is an unknown value
R10=0x0000000000000000 is an unknown value
R11=0x00007ff528e8c67d: <offset 0x8767d> in /lib64/libc.so.6 at 0x00007ff528e05000
R12=0x00007ff4d43b1b70 is an unknown value
R13=0x0000000000012000 is an unknown value
R14=0x0000000000001000 is an unknown value
R15=0x00007ff515e7ae98 is an unknown value


Stack: [0x00007ff515d7b000,0x00007ff515e7c000],  sp=0x00007ff515e7ace8,  free space=1023k

---------------  P R O C E S S  ---------------

VM state:at safepoint (shutting down)

VM Mutex/Monitor currently owned by a thread:  ([mutex/lock_event])
[0x00007ff520005f20] Threads_lock - owner thread: 0x00007ff520090800

Heap
 PSYoungGen      total 286400K, used 132417K [0x00000000ec6b0000, 0x00000000febe0000, 0x0000000100000000)
  eden space 273792K, 46% used [0x00000000ec6b0000,0x00000000f425b9c0,0x00000000fd210000)
  from space 12608K, 45% used [0x00000000fddc0000,0x00000000fe364b88,0x00000000fea10000)
  to   space 11968K, 0% used [0x00000000fd210000,0x00000000fd210000,0x00000000fddc0000)
 ParOldGen       total 54208K, used 23093K [0x00000000c5400000, 0x00000000c88f0000, 0x00000000ec6b0000)
  object space 54208K, 42% used [0x00000000c5400000,0x00000000c6a8d638,0x00000000c88f0000)
 PSPermGen       total 48256K, used 24053K [0x00000000c0200000, 0x00000000c3120000, 0x00000000c5400000)
  object space 48256K, 49% used [0x00000000c0200000,0x00000000c197d620,0x00000000c3120000)

Card table byte_map: [0x00007ff5242c5000,0x00007ff5244c5000] byte_map_base: 0x00007ff523cc4000

Polling page: 0x00007ff529a09000

Code Cache  [0x00007ff524585000, 0x00007ff524815000, 0x00007ff527585000)
 total_blobs=1351 nmethods=664 adapters=639 free_code_cache=46585Kb largest_free_block=47657792

Compilation events (10 events):
Event: 22.271 Thread 0x00007ff5200ed800  667             com.bulletphysics.linearmath.VectorUtil::setCoord (61 bytes)
Event: 22.272 Thread 0x00007ff5200ed800 nmethod 667 0x00007ff5247fbd10 code [0x00007ff5247fbe60, 0x00007ff5247fbf18]
Event: 22.295 Thread 0x00007ff5200f0800  668             java.nio.Buffer::checkBounds (25 bytes)
Event: 22.296 Thread 0x00007ff5200f0800 nmethod 668 0x00007ff5247fbb10 code [0x00007ff5247fbc40, 0x00007ff5247fbc98]
Event: 22.317 Thread 0x00007ff5200ed800  669             java.lang.ref.SoftReference::get (29 bytes)
Event: 22.318 Thread 0x00007ff5200ed800 nmethod 669 0x00007ff5247fb8d0 code [0x00007ff5247fba00, 0x00007ff5247fba98]
Event: 22.338 Thread 0x00007ff5200f0800  670             java.lang.Float::compare (46 bytes)
Event: 22.339 Thread 0x00007ff5200f0800 nmethod 670 0x00007ff5247fb690 code [0x00007ff5247fb7c0, 0x00007ff5247fb858]
Event: 22.527 Thread 0x00007ff5200ed800  671             java.util.AbstractCollection::toArray (116 bytes)
Event: 22.537 Thread 0x00007ff5200ed800 nmethod 671 0x00007ff5247fe050 code [0x00007ff5247fe240, 0x00007ff5247fe998]

GC Heap History (10 events):
Event: 19.014 GC heap before
{Heap before GC invocations=9 (full 0):
 PSYoungGen      total 133888K, used 124252K [0x00000000ec6b0000, 0x00000000f5750000, 0x0000000100000000)
  eden space 120320K, 100% used [0x00000000ec6b0000,0x00000000f3c30000,0x00000000f3c30000)
  from space 13568K, 28% used [0x00000000f4a10000,0x00000000f4de72c8,0x00000000f5750000)
  to   space 13888K, 0% used [0x00000000f3c30000,0x00000000f3c30000,0x00000000f49c0000)
 ParOldGen       total 107968K, used 90815K [0x00000000c5400000, 0x00000000cbd70000, 0x00000000ec6b0000)
  object space 107968K, 84% used [0x00000000c5400000,0x00000000cacafdf0,0x00000000cbd70000)
 PSPermGen       total 24128K, used 23974K [0x00000000c0200000, 0x00000000c1990000, 0x00000000c5400000)
  object space 24128K, 99% used [0x00000000c0200000,0x00000000c19698f0,0x00000000c1990000)
Event: 19.021 GC heap after
Heap after GC invocations=9 (full 0):
 PSYoungGen      total 134208K, used 4352K [0x00000000ec6b0000, 0x00000000f9cf0000, 0x0000000100000000)
  eden space 120320K, 0% used [0x00000000ec6b0000,0x00000000ec6b0000,0x00000000f3c30000)
  from space 13888K, 31% used [0x00000000f3c30000,0x00000000f4070258,0x00000000f49c0000)
  to   space 13440K, 0% used [0x00000000f8fd0000,0x00000000f8fd0000,0x00000000f9cf0000)
 ParOldGen       total 107968K, used 91435K [0x00000000c5400000, 0x00000000cbd70000, 0x00000000ec6b0000)
  object space 107968K, 84% used [0x00000000c5400000,0x00000000cad4ae68,0x00000000cbd70000)
 PSPermGen       total 24128K, used 23974K [0x00000000c0200000, 0x00000000c1990000, 0x00000000c5400000)
  object space 24128K, 99% used [0x00000000c0200000,0x00000000c19698f0,0x00000000c1990000)
}
Event: 19.822 GC heap before
{Heap before GC invocations=10 (full 0):
 PSYoungGen      total 134208K, used 124672K [0x00000000ec6b0000, 0x00000000f9cf0000, 0x0000000100000000)
  eden space 120320K, 100% used [0x00000000ec6b0000,0x00000000f3c30000,0x00000000f3c30000)
  from space 13888K, 31% used [0x00000000f3c30000,0x00000000f4070258,0x00000000f49c0000)
  to   space 13440K, 0% used [0x00000000f8fd0000,0x00000000f8fd0000,0x00000000f9cf0000)
 ParOldGen       total 107968K, used 91435K [0x00000000c5400000, 0x00000000cbd70000, 0x00000000ec6b0000)
  object space 107968K, 84% used [0x00000000c5400000,0x00000000cad4ae68,0x00000000cbd70000)
 PSPermGen       total 24128K, used 23992K [0x00000000c0200000, 0x00000000c1990000, 0x00000000c5400000)
  object space 24128K, 99% used [0x00000000c0200000,0x00000000c196e0a0,0x00000000c1990000)
Event: 19.832 GC heap after
Heap after GC invocations=10 (full 0):
 PSYoungGen      total 205056K, used 4753K [0x00000000ec6b0000, 0x00000000f9c10000, 0x0000000100000000)
  eden space 192512K, 0% used [0x00000000ec6b0000,0x00000000ec6b0000,0x00000000f82b0000)
  from space 12544K, 37% used [0x00000000f8fd0000,0x00000000f9474490,0x00000000f9c10000)
  to   space 12992K, 0% used [0x00000000f82b0000,0x00000000f82b0000,0x00000000f8f60000)
 ParOldGen       total 107968K, used 94272K [0x00000000c5400000, 0x00000000cbd70000, 0x00000000ec6b0000)
  object space 107968K, 87% used [0x00000000c5400000,0x00000000cb0101f0,0x00000000cbd70000)
 PSPermGen       total 24128K, used 23992K [0x00000000c0200000, 0x00000000c1990000, 0x00000000c5400000)
  object space 24128K, 99% used [0x00000000c0200000,0x00000000c196e0a0,0x00000000c1990000)
}
Event: 19.832 GC heap before
{Heap before GC invocations=11 (full 1):
 PSYoungGen      total 205056K, used 4753K [0x00000000ec6b0000, 0x00000000f9c10000, 0x0000000100000000)
  eden space 192512K, 0% used [0x00000000ec6b0000,0x00000000ec6b0000,0x00000000f82b0000)
  from space 12544K, 37% used [0x00000000f8fd0000,0x00000000f9474490,0x00000000f9c10000)
  to   space 12992K, 0% used [0x00000000f82b0000,0x00000000f82b0000,0x00000000f8f60000)
 ParOldGen       total 107968K, used 94272K [0x00000000c5400000, 0x00000000cbd70000, 0x00000000ec6b0000)
  object space 107968K, 87% used [0x00000000c5400000,0x00000000cb0101f0,0x00000000cbd70000)
 PSPermGen       total 24128K, used 23992K [0x00000000c0200000, 0x00000000c1990000, 0x00000000c5400000)
  object space 24128K, 99% used [0x00000000c0200000,0x00000000c196e0a0,0x00000000c1990000)
Event: 19.915 GC heap after
Heap after GC invocations=11 (full 1):
 PSYoungGen      total 205056K, used 0K [0x00000000ec6b0000, 0x00000000f9c10000, 0x0000000100000000)
  eden space 192512K, 0% used [0x00000000ec6b0000,0x00000000ec6b0000,0x00000000f82b0000)
  from space 12544K, 0% used [0x00000000f8fd0000,0x00000000f8fd0000,0x00000000f9c10000)
  to   space 12992K, 0% used [0x00000000f82b0000,0x00000000f82b0000,0x00000000f8f60000)
 ParOldGen       total 54208K, used 19427K [0x00000000c5400000, 0x00000000c88f0000, 0x00000000ec6b0000)
  object space 54208K, 35% used [0x00000000c5400000,0x00000000c66f8ca0,0x00000000c88f0000)
 PSPermGen       total 48256K, used 23984K [0x00000000c0200000, 0x00000000c3120000, 0x00000000c5400000)
  object space 48256K, 49% used [0x00000000c0200000,0x00000000c196c2a8,0x00000000c3120000)
}
Event: 21.453 GC heap before
{Heap before GC invocations=12 (full 1):
 PSYoungGen      total 205056K, used 192512K [0x00000000ec6b0000, 0x00000000f9c10000, 0x0000000100000000)
  eden space 192512K, 100% used [0x00000000ec6b0000,0x00000000f82b0000,0x00000000f82b0000)
  from space 12544K, 0% used [0x00000000f8fd0000,0x00000000f8fd0000,0x00000000f9c10000)
  to   space 12992K, 0% used [0x00000000f82b0000,0x00000000f82b0000,0x00000000f8f60000)
 ParOldGen       total 54208K, used 19427K [0x00000000c5400000, 0x00000000c88f0000, 0x00000000ec6b0000)
  object space 54208K, 35% used [0x00000000c5400000,0x00000000c66f8ca0,0x00000000c88f0000)
 PSPermGen       total 48256K, used 24030K [0x00000000c0200000, 0x00000000c3120000, 0x00000000c5400000)
  object space 48256K, 49% used [0x00000000c0200000,0x00000000c1977880,0x00000000c3120000)
Event: 21.459 GC heap after
Heap after GC invocations=12 (full 1):
 PSYoungGen      total 205504K, used 4302K [0x00000000ec6b0000, 0x00000000fea10000, 0x0000000100000000)
  eden space 192512K, 0% used [0x00000000ec6b0000,0x00000000ec6b0000,0x00000000f82b0000)
  from space 12992K, 33% used [0x00000000f82b0000,0x00000000f86e3a20,0x00000000f8f60000)
  to   space 12608K, 0% used [0x00000000fddc0000,0x00000000fddc0000,0x00000000fea10000)
 ParOldGen       total 54208K, used 19427K [0x00000000c5400000, 0x00000000c88f0000, 0x00000000ec6b0000)
  object space 54208K, 35% used [0x00000000c5400000,0x00000000c66f8ca0,0x00000000c88f0000)
 PSPermGen       total 48256K, used 24030K [0x00000000c0200000, 0x00000000c3120000, 0x00000000c5400000)
  object space 48256K, 49% used [0x00000000c0200000,0x00000000c1977880,0x00000000c3120000)
}
Event: 22.213 GC heap before
{Heap before GC invocations=13 (full 1):
 PSYoungGen      total 205504K, used 196814K [0x00000000ec6b0000, 0x00000000fea10000, 0x0000000100000000)
  eden space 192512K, 100% used [0x00000000ec6b0000,0x00000000f82b0000,0x00000000f82b0000)
  from space 12992K, 33% used [0x00000000f82b0000,0x00000000f86e3a20,0x00000000f8f60000)
  to   space 12608K, 0% used [0x00000000fddc0000,0x00000000fddc0000,0x00000000fea10000)
 ParOldGen       total 54208K, used 19427K [0x00000000c5400000, 0x00000000c88f0000, 0x00000000ec6b0000)
  object space 54208K, 35% used [0x00000000c5400000,0x00000000c66f8ca0,0x00000000c88f0000)
 PSPermGen       total 48256K, used 24039K [0x00000000c0200000, 0x00000000c3120000, 0x00000000c5400000)
  object space 48256K, 49% used [0x00000000c0200000,0x00000000c1979db8,0x00000000c3120000)
Event: 22.225 GC heap after
Heap after GC invocations=13 (full 1):
 PSYoungGen      total 286400K, used 5778K [0x00000000ec6b0000, 0x00000000febe0000, 0x0000000100000000)
  eden space 273792K, 0% used [0x00000000ec6b0000,0x00000000ec6b0000,0x00000000fd210000)
  from space 12608K, 45% used [0x00000000fddc0000,0x00000000fe364b88,0x00000000fea10000)
  to   space 11968K, 0% used [0x00000000fd210000,0x00000000fd210000,0x00000000fddc0000)
 ParOldGen       total 54208K, used 23093K [0x00000000c5400000, 0x00000000c88f0000, 0x00000000ec6b0000)
  object space 54208K, 42% used [0x00000000c5400000,0x00000000c6a8d638,0x00000000c88f0000)
 PSPermGen       total 48256K, used 24039K [0x00000000c0200000, 0x00000000c3120000, 0x00000000c5400000)
  object space 48256K, 49% used [0x00000000c0200000,0x00000000c1979db8,0x00000000c3120000)
}

Deoptimization events (10 events):
Event: 17.167 Thread 0x00007ff5202db000 Uncommon trap -34 fr.pc 0x00007ff524728274
Event: 17.167 Thread 0x00007ff5202db000 Uncommon trap -34 fr.pc 0x00007ff524728274
Event: 17.167 Thread 0x00007ff5202db000 Uncommon trap -34 fr.pc 0x00007ff524728274
Event: 17.167 Thread 0x00007ff5202db000 Uncommon trap -34 fr.pc 0x00007ff524728274
Event: 17.411 Thread 0x00007ff5202db000 Uncommon trap -34 fr.pc 0x00007ff5246ce520
Event: 17.549 Thread 0x00007ff5202db000 Uncommon trap -34 fr.pc 0x00007ff5246ce520
Event: 18.589 Thread 0x00007ff5202db000 Uncommon trap -34 fr.pc 0x00007ff5246ce520
Event: 18.679 Thread 0x00007ff5202db000 Uncommon trap -34 fr.pc 0x00007ff5246ce520
Event: 18.998 Thread 0x00007ff4c0568800 Uncommon trap -12 fr.pc 0x00007ff5247c974c
Event: 22.527 Thread 0x00007ff4a8001000 Uncommon trap -122 fr.pc 0x00007ff52472e03c

Internal exceptions (10 events):
Event: 16.938 Thread 0x00007ff5202db000 Threw 0x00000000ee840e60 at /HUDSON/workspace/jdk7u11-2-build-linux-amd64-product/jdk7u11/hotspot/src/share/vm/prims/jvm.cpp:1166
Event: 16.939 Thread 0x00007ff5202db000 Threw 0x00000000ee845f90 at /HUDSON/workspace/jdk7u11-2-build-linux-amd64-product/jdk7u11/hotspot/src/share/vm/prims/jvm.cpp:1166
Event: 16.939 Thread 0x00007ff5202db000 Threw 0x00000000ee8496e8 at /HUDSON/workspace/jdk7u11-2-build-linux-amd64-product/jdk7u11/hotspot/src/share/vm/prims/jvm.cpp:1166
Event: 16.946 Thread 0x00007ff5202db000 Threw 0x00000000ee84ec18 at /HUDSON/workspace/jdk7u11-2-build-linux-amd64-product/jdk7u11/hotspot/src/share/vm/prims/jvm.cpp:1166
Event: 16.947 Thread 0x00007ff5202db000 Threw 0x00000000ee863fc0 at /HUDSON/workspace/jdk7u11-2-build-linux-amd64-product/jdk7u11/hotspot/src/share/vm/prims/jvm.cpp:1166
Event: 16.948 Thread 0x00007ff5202db000 Threw 0x00000000ee869980 at /HUDSON/workspace/jdk7u11-2-build-linux-amd64-product/jdk7u11/hotspot/src/share/vm/prims/jvm.cpp:1166
Event: 16.948 Thread 0x00007ff5202db000 Threw 0x00000000ee86e740 at /HUDSON/workspace/jdk7u11-2-build-linux-amd64-product/jdk7u11/hotspot/src/share/vm/prims/jvm.cpp:1166
Event: 16.950 Thread 0x00007ff5202db000 Threw 0x00000000ee872568 at /HUDSON/workspace/jdk7u11-2-build-linux-amd64-product/jdk7u11/hotspot/src/share/vm/prims/jvm.cpp:1166
Event: 16.951 Thread 0x00007ff5202db000 Threw 0x00000000ee878cf8 at /HUDSON/workspace/jdk7u11-2-build-linux-amd64-product/jdk7u11/hotspot/src/share/vm/prims/jvm.cpp:1166
Event: 17.012 Thread 0x00007ff5202db000 Threw 0x00000000ee94dfd8 at /HUDSON/workspace/jdk7u11-2-build-linux-amd64-product/jdk7u11/hotspot/src/share/vm/prims/jvm.cpp:1166

Events (10 events):
Event: 22.528 Thread 0x00007ff4a8005000 Thread added: 0x00007ff4a8005000
Event: 22.528 Thread 0x00007ff4a8002000 Thread exited: 0x00007ff4a8002000
Event: 22.528 Thread 0x00007ff4a8001000 Thread exited: 0x00007ff4a8001000
Event: 22.528 Thread 0x00007ff4d408a000 Thread exited: 0x00007ff4d408a000
Event: 22.559 loading class 0x00007ff498000bd0
Event: 22.570 loading class 0x00007ff498000bd0 done
Event: 22.570 loading class 0x00007ff520208730 done
Event: 22.632 Thread 0x00007ff4a8005000 Thread exited: 0x00007ff4a8005000
Event: 22.632 Thread 0x00007ff4a8003800 Thread exited: 0x00007ff4a8003800
Event: 22.632 Executing VM operation: Exit


Dynamic libraries:
00400000-00401000 r-xp 00000000 08:05 3016399                            /home/yahooguntu/jmonkeyplatform/jdk/bin/java
00600000-00601000 rw-p 00000000 08:05 3016399                            /home/yahooguntu/jmonkeyplatform/jdk/bin/java
0179a000-017bb000 rw-p 00000000 00:00 0                                  [heap]
c0200000-c3120000 rw-p 00000000 00:00 0 
c3120000-c5400000 rw-p 00000000 00:00 0 
c5400000-c88f0000 rw-p 00000000 00:00 0 
c88f0000-cbd70000 ---p 00000000 00:00 0 
cbd70000-ec6b0000 rw-p 00000000 00:00 0 
ec6b0000-febe0000 rw-p 00000000 00:00 0 
febe0000-100000000 rw-p 00000000 00:00 0 
7ff498000000-7ff498021000 rw-p 00000000 00:00 0 
7ff498021000-7ff49c000000 ---p 00000000 00:00 0 
7ff4a0000000-7ff4a0021000 rw-p 00000000 00:00 0 
7ff4a0021000-7ff4a4000000 ---p 00000000 00:00 0 
7ff4a4000000-7ff4a4021000 rw-p 00000000 00:00 0 
7ff4a4021000-7ff4a8000000 ---p 00000000 00:00 0 
7ff4a8000000-7ff4a8021000 rw-p 00000000 00:00 0 
7ff4a8021000-7ff4ac000000 ---p 00000000 00:00 0 
7ff4afbc0000-7ff4afbc3000 ---p 00000000 00:00 0 
7ff4afbc3000-7ff4afcc1000 rw-p 00000000 00:00 0 
7ff4afcc1000-7ff4afcc4000 ---p 00000000 00:00 0 
7ff4afcc4000-7ff4afdc2000 rw-p 00000000 00:00 0 
7ff4afdc2000-7ff4afdc5000 ---p 00000000 00:00 0 
7ff4afdc5000-7ff4afec3000 rw-p 00000000 00:00 0 
7ff4afec3000-7ff4afec6000 ---p 00000000 00:00 0 
7ff4afec6000-7ff4b5e80000 rw-p 00000000 00:00 0 
7ff4b5e80000-7ff4b5ee0000 rw-s 104a22000 00:05 3676                      /dev/dri/card0
7ff4b5ee0000-7ff4b64e0000 rw-s 10cdad000 00:05 3676                      /dev/dri/card0
7ff4b64e0000-7ff4b6721000 rw-p 00000000 00:00 0 
7ff4b6721000-7ff4b6776000 r-xp 00000000 08:05 3412110                    /home/yahooguntu/jmonkeyplatform/jdk/jre/lib/amd64/libkcms.so
7ff4b6776000-7ff4b6976000 ---p 00055000 08:05 3412110                    /home/yahooguntu/jmonkeyplatform/jdk/jre/lib/amd64/libkcms.so
7ff4b6976000-7ff4b6978000 rw-p 00055000 08:05 3412110                    /home/yahooguntu/jmonkeyplatform/jdk/jre/lib/amd64/libkcms.so
7ff4b6978000-7ff4b69b2000 r-xp 00000000 08:05 3412127                    /home/yahooguntu/jmonkeyplatform/jdk/jre/lib/amd64/libjpeg.so
7ff4b69b2000-7ff4b6bb2000 ---p 0003a000 08:05 3412127                    /home/yahooguntu/jmonkeyplatform/jdk/jre/lib/amd64/libjpeg.so
7ff4b6bb2000-7ff4b6bb3000 rw-p 0003a000 08:05 3412127                    /home/yahooguntu/jmonkeyplatform/jdk/jre/lib/amd64/libjpeg.so
7ff4b6bb3000-7ff4b6ee0000 rw-p 00000000 00:00 0 
7ff4b6ee0000-7ff4baee1000 rw-s 00000000 00:0f 79054                      /dev/shm/pulse-shm-3402001964
7ff4baee1000-7ff4baee2000 ---p 00000000 00:00 0 
7ff4baee2000-7ff4bb6e2000 rw-p 00000000 00:00 0                          [stack:31852]
7ff4bb6e2000-7ff4bb88c000 r-xp 00000000 08:06 1966180                    /lib64/libcrypto.so.1.0.0
7ff4bb88c000-7ff4bba8b000 ---p 001aa000 08:06 1966180                    /lib64/libcrypto.so.1.0.0
7ff4bba8b000-7ff4bbaa6000 r--p 001a9000 08:06 1966180                    /lib64/libcrypto.so.1.0.0
7ff4bbaa6000-7ff4bbab1000 rw-p 001c4000 08:06 1966180                    /lib64/libcrypto.so.1.0.0
7ff4bbab1000-7ff4bbab5000 rw-p 00000000 00:00 0 
7ff4bbab5000-7ff4bbacc000 r-xp 00000000 08:06 3811848                    /usr/lib64/libspeex.so.1.5.0
7ff4bbacc000-7ff4bbccc000 ---p 00017000 08:06 3811848                    /usr/lib64/libspeex.so.1.5.0
7ff4bbccc000-7ff4bbccd000 r--p 00017000 08:06 3811848                    /usr/lib64/libspeex.so.1.5.0
7ff4bbccd000-7ff4bbcce000 rw-p 00018000 08:06 3811848                    /usr/lib64/libspeex.so.1.5.0
7ff4bbcce000-7ff4bbf81000 r-xp 00000000 08:06 3811880                    /usr/lib64/libvorbisenc.so.2.0.9
7ff4bbf81000-7ff4bc180000 ---p 002b3000 08:06 3811880                    /usr/lib64/libvorbisenc.so.2.0.9
7ff4bc180000-7ff4bc19c000 r--p 002b2000 08:06 3811880                    /usr/lib64/libvorbisenc.so.2.0.9
7ff4bc19c000-7ff4bc19d000 rw-p 002ce000 08:06 3811880                    /usr/lib64/libvorbisenc.so.2.0.9
7ff4bc19d000-7ff4bc1d3000 r-xp 00000000 08:06 3811658                    /usr/lib64/libFLAC.so.8.3.0
7ff4bc1d3000-7ff4bc3d3000 ---p 00036000 08:06 3811658                    /usr/lib64/libFLAC.so.8.3.0
7ff4bc3d3000-7ff4bc3d4000 r--p 00036000 08:06 3811658                    /usr/lib64/libFLAC.so.8.3.0
7ff4bc3d4000-7ff4bc3d5000 rw-p 00037000 08:06 3811658                    /usr/lib64/libFLAC.so.8.3.0
7ff4bc3d5000-7ff4bc3d9000 r-xp 00000000 08:06 3809349                    /usr/lib64/libuuid.so.1.3.0
7ff4bc3d9000-7ff4bc5d8000 ---p 00004000 08:06 3809349                    /usr/lib64/libuuid.so.1.3.0
7ff4bc5d8000-7ff4bc5d9000 r--p 00003000 08:06 3809349                    /usr/lib64/libuuid.so.1.3.0
7ff4bc5d9000-7ff4bc5da000 rw-p 00004000 08:06 3809349                    /usr/lib64/libuuid.so.1.3.0
7ff4bc5da000-7ff4bc5de000 r-xp 00000000 08:06 1966088                    /lib64/libcap.so.2.22
7ff4bc5de000-7ff4bc7dd000 ---p 00004000 08:06 1966088                    /lib64/libcap.so.2.22
7ff4bc7dd000-7ff4bc7de000 r--p 00003000 08:06 1966088                    /lib64/libcap.so.2.22
7ff4bc7de000-7ff4bc7df000 rw-p 00004000 08:06 1966088                    /lib64/libcap.so.2.22
7ff4bc7df000-7ff4bc843000 r-xp 00000000 08:06 3808692                    /usr/lib64/libsndfile.so.1.0.25
7ff4bc843000-7ff4bca43000 ---p 00064000 08:06 3808692                    /usr/lib64/libsndfile.so.1.0.25
7ff4bca43000-7ff4bca45000 r--p 00064000 08:06 3808692                    /usr/lib64/libsndfile.so.1.0.25
7ff4bca45000-7ff4bca46000 rw-p 00066000 08:06 3808692                    /usr/lib64/libsndfile.so.1.0.25
7ff4bca46000-7ff4bca4a000 rw-p 00000000 00:00 0 
7ff4bca4a000-7ff4bca53000 r-xp 00000000 08:06 1966310                    /lib64/libwrap.so.0.7.6
7ff4bca53000-7ff4bcc52000 ---p 00009000 08:06 1966310                    /lib64/libwrap.so.0.7.6
7ff4bcc52000-7ff4bcc53000 r--p 00008000 08:06 1966310                    /lib64/libwrap.so.0.7.6
7ff4bcc53000-7ff4bcc54000 rw-p 00009000 08:06 1966310                    /lib64/libwrap.so.0.7.6
7ff4bcc54000-7ff4bcc55000 rw-p 00000000 00:00 0 
7ff4bcc55000-7ff4bcc5c000 r-xp 00000000 08:06 3812204                    /usr/lib64/libSM.so.6.0.1
7ff4bcc5c000-7ff4bce5b000 ---p 00007000 08:06 3812204                    /usr/lib64/libSM.so.6.0.1
7ff4bce5b000-7ff4bce5c000 r--p 00006000 08:06 3812204                    /usr/lib64/libSM.so.6.0.1
7ff4bce5c000-7ff4bce5d000 rw-p 00007000 08:06 3812204                    /usr/lib64/libSM.so.6.0.1
7ff4bce5d000-7ff4bce74000 r-xp 00000000 08:06 3811627                    /usr/lib64/libICE.so.6.3.0
7ff4bce74000-7ff4bd073000 ---p 00017000 08:06 3811627                    /usr/lib64/libICE.so.6.3.0
7ff4bd073000-7ff4bd074000 r--p 00016000 08:06 3811627                    /usr/lib64/libICE.so.6.3.0
7ff4bd074000-7ff4bd075000 rw-p 00017000 08:06 3811627                    /usr/lib64/libICE.so.6.3.0
7ff4bd075000-7ff4bd079000 rw-p 00000000 00:00 0 
7ff4bd079000-7ff4bd0bd000 r-xp 00000000 08:06 1966101                    /lib64/libdbus-1.so.3.7.2
7ff4bd0bd000-7ff4bd2bd000 ---p 00044000 08:06 1966101                    /lib64/libdbus-1.so.3.7.2
7ff4bd2bd000-7ff4bd2be000 r--p 00044000 08:06 1966101                    /lib64/libdbus-1.so.3.7.2
7ff4bd2be000-7ff4bd2bf000 rw-p 00045000 08:06 1966101                    /lib64/libdbus-1.so.3.7.2
7ff4bd2bf000-7ff4bd325000 r-xp 00000000 08:06 3806943                    /usr/lib64/pulseaudio/libpulsecommon-3.0.so
7ff4bd325000-7ff4bd525000 ---p 00066000 08:06 3806943                    /usr/lib64/pulseaudio/libpulsecommon-3.0.so
7ff4bd525000-7ff4bd526000 r--p 00066000 08:06 3806943                    /usr/lib64/pulseaudio/libpulsecommon-3.0.so
7ff4bd526000-7ff4bd528000 rw-p 00067000 08:06 3806943                    /usr/lib64/pulseaudio/libpulsecommon-3.0.so
7ff4bd528000-7ff4bd52f000 r-xp 00000000 08:06 3803016                    /usr/lib64/libjson.so.0.0.1
7ff4bd52f000-7ff4bd72f000 ---p 00007000 08:06 3803016                    /usr/lib64/libjson.so.0.0.1
7ff4bd72f000-7ff4bd730000 r--p 00007000 08:06 3803016                    /usr/lib64/libjson.so.0.0.1
7ff4bd730000-7ff4bd731000 rw-p 00008000 08:06 3803016                    /usr/lib64/libjson.so.0.0.1
7ff4bd731000-7ff4bd77a000 r-xp 00000000 08:06 3803753                    /usr/lib64/libpulse.so.0.15.3
7ff4bd77a000-7ff4bd97a000 ---p 00049000 08:06 3803753                    /usr/lib64/libpulse.so.0.15.3
7ff4bd97a000-7ff4bd97b000 r--p 00049000 08:06 3803753                    /usr/lib64/libpulse.so.0.15.3
7ff4bd97b000-7ff4bd97c000 rw-p 0004a000 08:06 3803753                    /usr/lib64/libpulse.so.0.15.3
7ff4bd992000-7ff4bd9e7000 r-xp 00000000 08:05 528259                     /home/yahooguntu/programs/TermProject/libopenal64.so
7ff4bd9e7000-7ff4bdbe6000 ---p 00055000 08:05 528259                     /home/yahooguntu/programs/TermProject/libopenal64.so
7ff4bdbe6000-7ff4bdbe9000 r--p 00054000 08:05 528259                     /home/yahooguntu/programs/TermProject/libopenal64.so
7ff4bdbe9000-7ff4bdbea000 rw-p 00057000 08:05 528259                     /home/yahooguntu/programs/TermProject/libopenal64.so
7ff4bdbea000-7ff4beb2b000 rw-p 00000000 00:00 0 
7ff4beb2b000-7ff4beb33000 r-xp 00000000 08:06 3808709                    /usr/lib64/libpciaccess.so.0.11.1
7ff4beb33000-7ff4bed32000 ---p 00008000 08:06 3808709                    /usr/lib64/libpciaccess.so.0.11.1
7ff4bed32000-7ff4bed33000 r--p 00007000 08:06 3808709                    /usr/lib64/libpciaccess.so.0.11.1
7ff4bed33000-7ff4bed34000 rw-p 00008000 08:06 3808709                    /usr/lib64/libpciaccess.so.0.11.1
7ff4bed34000-7ff4bed53000 r-xp 00000000 08:06 3811637                    /usr/lib64/libdrm_intel.so.1.0.0
7ff4bed53000-7ff4bef53000 ---p 0001f000 08:06 3811637                    /usr/lib64/libdrm_intel.so.1.0.0
7ff4bef53000-7ff4bef54000 r--p 0001f000 08:06 3811637                    /usr/lib64/libdrm_intel.so.1.0.0
7ff4bef54000-7ff4bef55000 rw-p 00020000 08:06 3811637                    /usr/lib64/libdrm_intel.so.1.0.0
7ff4bef55000-7ff4bf2c7000 r-xp 00000000 08:06 3802118                    /usr/lib64/libdricore9.0.2.so.1.0.0
7ff4bf2c7000-7ff4bf4c7000 ---p 00372000 08:06 3802118                    /usr/lib64/libdricore9.0.2.so.1.0.0
7ff4bf4c7000-7ff4bf4da000 r--p 00372000 08:06 3802118                    /usr/lib64/libdricore9.0.2.so.1.0.0
7ff4bf4da000-7ff4bf4e1000 rw-p 00385000 08:06 3802118                    /usr/lib64/libdricore9.0.2.so.1.0.0
7ff4bf4e1000-7ff4bf4fa000 rw-p 00000000 00:00 0 
7ff4bf4fa000-7ff4bf5ad000 r-xp 00000000 08:06 3802107                    /usr/lib64/dri/i965_dri.so
7ff4bf5ad000-7ff4bf7ad000 ---p 000b3000 08:06 3802107                    /usr/lib64/dri/i965_dri.so
7ff4bf7ad000-7ff4bf7b0000 r--p 000b3000 08:06 3802107                    /usr/lib64/dri/i965_dri.so
7ff4bf7b0000-7ff4bf7b3000 rw-p 000b6000 08:06 3802107                    /usr/lib64/dri/i965_dri.so
7ff4bf7b3000-7ff4bf7b4000 rw-p 00000000 00:00 0 
7ff4bf7b4000-7ff4bf7bf000 r-xp 00000000 08:06 3808219                    /usr/lib64/libdrm.so.2.4.0
7ff4bf7bf000-7ff4bf9be000 ---p 0000b000 08:06 3808219                    /usr/lib64/libdrm.so.2.4.0
7ff4bf9be000-7ff4bf9bf000 r--p 0000a000 08:06 3808219                    /usr/lib64/libdrm.so.2.4.0
7ff4bf9bf000-7ff4bf9c0000 rw-p 0000b000 08:06 3808219                    /usr/lib64/libdrm.so.2.4.0
7ff4bf9c0000-7ff4bf9d6000 r-xp 00000000 08:06 3811739                    /usr/lib64/libxcb-glx.so.0.0.0
7ff4bf9d6000-7ff4bfbd5000 ---p 00016000 08:06 3811739                    /usr/lib64/libxcb-glx.so.0.0.0
7ff4bfbd5000-7ff4bfbd7000 r--p 00015000 08:06 3811739                    /usr/lib64/libxcb-glx.so.0.0.0
7ff4bfbd7000-7ff4bfbd8000 rw-p 00017000 08:06 3811739                    /usr/lib64/libxcb-glx.so.0.0.0
7ff4bfbd8000-7ff4bfbd9000 r-xp 00000000 08:06 3802495                    /usr/lib64/libX11-xcb.so.1.0.0
7ff4bfbd9000-7ff4bfdd8000 ---p 00001000 08:06 3802495                    /usr/lib64/libX11-xcb.so.1.0.0
7ff4bfdd8000-7ff4bfdd9000 r--p 00000000 08:06 3802495                    /usr/lib64/libX11-xcb.so.1.0.0
7ff4bfdd9000-7ff4bfdda000 rw-p 00001000 08:06 3802495                    /usr/lib64/libX11-xcb.so.1.0.0
7ff4bfdda000-7ff4bfdfb000 r-xp 00000000 08:06 3802120                    /usr/lib64/libglapi.so.0.0.0
7ff4bfdfb000-7ff4bfffb000 ---p 00021000 08:06 3802120                    /usr/lib64/libglapi.so.0.0.0
7ff4bfffb000-7ff4bfffe000 r--p 00021000 08:06 3802120                    /usr/lib64/libglapi.so.0.0.0
7ff4bfffe000-7ff4bffff000 rw-p 00024000 08:06 3802120                    /usr/lib64/libglapi.so.0.0.0
7ff4bffff000-7ff4c0000000 rw-p 00000000 00:00 0 
7ff4c0000000-7ff4c2961000 rw-p 00000000 00:00 0 
7ff4c2961000-7ff4c4000000 ---p 00000000 00:00 0 
7ff4c4000000-7ff4c4021000 rw-p 00000000 00:00 0 
7ff4c4021000-7ff4c8000000 ---p 00000000 00:00 0 
7ff4c8000000-7ff4c8021000 rw-p 00000000 00:00 0 
7ff4c8021000-7ff4cc000000 ---p 00000000 00:00 0 
7ff4cc000000-7ff4cc027000 rw-p 00000000 00:00 0 
7ff4cc027000-7ff4d0000000 ---p 00000000 00:00 0 
7ff4d0000000-7ff4d0021000 rw-p 00000000 00:00 0 
7ff4d0021000-7ff4d4000000 ---p 00000000 00:00 0 
7ff4d4000000-7ff4d4670000 rw-p 00000000 00:00 0 
7ff4d4670000-7ff4d8000000 ---p 00000000 00:00 0 
7ff4d8000000-7ff4d8021000 rw-p 00000000 00:00 0 
7ff4d8021000-7ff4dc000000 ---p 00000000 00:00 0 
7ff4dc000000-7ff4dc021000 rw-p 00000000 00:00 0 
7ff4dc021000-7ff4e0000000 ---p 00000000 00:00 0 
7ff4e0000000-7ff4e0021000 rw-p 00000000 00:00 0 
7ff4e0021000-7ff4e4000000 ---p 00000000 00:00 0 
7ff4e4000000-7ff4e4021000 rw-p 00000000 00:00 0 
7ff4e4021000-7ff4e8000000 ---p 00000000 00:00 0 
7ff4e8000000-7ff4e95ea000 rw-p 00000000 00:00 0 
7ff4e95ea000-7ff4ec000000 ---p 00000000 00:00 0 
7ff4ec000000-7ff4ed919000 rw-p 00000000 00:00 0 
7ff4ed919000-7ff4f0000000 ---p 00000000 00:00 0 
7ff4f0000000-7ff4f0021000 rw-p 00000000 00:00 0 
7ff4f0021000-7ff4f4000000 ---p 00000000 00:00 0 
7ff4f4000000-7ff4f4021000 rw-p 00000000 00:00 0 
7ff4f4021000-7ff4f8000000 ---p 00000000 00:00 0 
7ff4f8000000-7ff4f8021000 rw-p 00000000 00:00 0 
7ff4f8021000-7ff4fc000000 ---p 00000000 00:00 0 
7ff4fc000000-7ff4fc021000 rw-p 00000000 00:00 0 
7ff4fc021000-7ff500000000 ---p 00000000 00:00 0 
7ff500000000-7ff500021000 rw-p 00000000 00:00 0 
7ff500021000-7ff504000000 ---p 00000000 00:00 0 
7ff504023000-7ff50405b000 rw-s 1049d4000 00:05 3676                      /dev/dri/card0
7ff50405b000-7ff5040ef000 rw-p 00000000 00:00 0 
7ff5040ef000-7ff50414f000 r-xp 00000000 08:06 3802174                    /usr/lib64/libGL.so.1.2.0
7ff50414f000-7ff50434f000 ---p 00060000 08:06 3802174                    /usr/lib64/libGL.so.1.2.0
7ff50434f000-7ff504351000 r--p 00060000 08:06 3802174                    /usr/lib64/libGL.so.1.2.0
7ff504351000-7ff504352000 rw-p 00062000 08:06 3802174                    /usr/lib64/libGL.so.1.2.0
7ff504352000-7ff504353000 rw-p 00000000 00:00 0 
7ff504369000-7ff50436e000 r-xp 00000000 08:06 3804646                    /usr/lib64/libXxf86vm.so.1.0.0
7ff50436e000-7ff50456d000 ---p 00005000 08:06 3804646                    /usr/lib64/libXxf86vm.so.1.0.0
7ff50456d000-7ff50456e000 r--p 00004000 08:06 3804646                    /usr/lib64/libXxf86vm.so.1.0.0
7ff50456e000-7ff50456f000 rw-p 00005000 08:06 3804646                    /usr/lib64/libXxf86vm.so.1.0.0
7ff50456f000-7ff5045d9000 r-xp 00000000 08:05 528251                     /home/yahooguntu/programs/TermProject/liblwjgl64.so
7ff5045d9000-7ff5047d9000 ---p 0006a000 08:05 528251                     /home/yahooguntu/programs/TermProject/liblwjgl64.so
7ff5047d9000-7ff5047db000 r--p 0006a000 08:05 528251                     /home/yahooguntu/programs/TermProject/liblwjgl64.so
7ff5047db000-7ff5047dc000 rw-p 0006c000 08:05 528251                     /home/yahooguntu/programs/TermProject/liblwjgl64.so
7ff5047dc000-7ff5047dd000 r-xp 00000000 08:05 3412121                    /home/yahooguntu/jmonkeyplatform/jdk/jre/lib/amd64/libjawt.so
7ff5047dd000-7ff5049dc000 ---p 00001000 08:05 3412121                    /home/yahooguntu/jmonkeyplatform/jdk/jre/lib/amd64/libjawt.so
7ff5049dc000-7ff5049dd000 rw-p 00000000 08:05 3412121                    /home/yahooguntu/jmonkeyplatform/jdk/jre/lib/amd64/libjawt.so
7ff5049dd000-7ff504add000 rw-s 00000000 00:04 21725258                   /SYSV00000000 (deleted)
7ff504add000-7ff504b3d000 rw-s 00000000 00:04 21692489                   /SYSV00000000 (deleted)
7ff504b3d000-7ff504bbd000 rw-s 00000000 00:04 21659720                   /SYSV00000000 (deleted)
7ff504bcd000-7ff504bd0000 ---p 00000000 00:00 0 
7ff504bd0000-7ff504bf5000 rw-p 00000000 00:00 0                          [stack:31848]
7ff504bf5000-7ff504bf8000 ---p 00000000 00:00 0 
7ff504bf8000-7ff504cf6000 rw-p 00000000 00:00 0                          [stack:31846]
7ff504cf6000-7ff504cf9000 r--s 000f7000 08:05 3412096                    /home/yahooguntu/jmonkeyplatform/jdk/jre/lib/ext/localedata.jar
7ff504cf9000-7ff504d61000 r-xp 00000000 08:05 3412103                    /home/yahooguntu/jmonkeyplatform/jdk/jre/lib/amd64/libt2k.so
7ff504d61000-7ff504f61000 ---p 00068000 08:05 3412103                    /home/yahooguntu/jmonkeyplatform/jdk/jre/lib/amd64/libt2k.so
7ff504f61000-7ff504f68000 rw-p 00068000 08:05 3412103                    /home/yahooguntu/jmonkeyplatform/jdk/jre/lib/amd64/libt2k.so
7ff504f68000-7ff504f78000 rw-p 00000000 00:00 0 
7ff504f78000-7ff504f7b000 ---p 00000000 00:00 0 
7ff504f7b000-7ff505079000 rw-p 00000000 00:00 0                          [stack:31854]
7ff505079000-7ff50507e000 r-xp 00000000 08:06 1682                       /usr/lib64/gdk-pixbuf-2.0/2.10.0/loaders/libpixbufloader-png.so
7ff50507e000-7ff50527d000 ---p 00005000 08:06 1682                       /usr/lib64/gdk-pixbuf-2.0/2.10.0/loaders/libpixbufloader-png.so
7ff50527d000-7ff50527e000 r--p 00004000 08:06 1682                       /usr/lib64/gdk-pixbuf-2.0/2.10.0/loaders/libpixbufloader-png.so
7ff50527e000-7ff50527f000 rw-p 00005000 08:06 1682                       /usr/lib64/gdk-pixbuf-2.0/2.10.0/loaders/libpixbufloader-png.so
7ff50527f000-7ff50529b000 r--s 00000000 08:06 269328                     /usr/share/mime/mime.cache
7ff50529b000-7ff50529c000 r-xp 00000000 08:06 3807137                    /usr/lib64/gtk-2.0/2.10.0/immodules/im-cedilla.so
7ff50529c000-7ff50549b000 ---p 00001000 08:06 3807137                    /usr/lib64/gtk-2.0/2.10.0/immodules/im-cedilla.so
7ff50549b000-7ff50549c000 r--p 00000000 08:06 3807137                    /usr/lib64/gtk-2.0/2.10.0/immodules/im-cedilla.so
7ff50549c000-7ff50549d000 rw-p 00001000 08:06 3807137                    /usr/lib64/gtk-2.0/2.10.0/immodules/im-cedilla.so
7ff50549d000-7ff5054a0000 r-xp 00000000 08:06 2712                       /usr/lib64/pango/1.8.0/modules/pango-basic-fc.so
7ff5054a0000-7ff50569f000 ---p 00003000 08:06 2712                       /usr/lib64/pango/1.8.0/modules/pango-basic-fc.so
7ff50569f000-7ff5056a0000 r--p 00002000 08:06 2712                       /usr/lib64/pango/1.8.0/modules/pango-basic-fc.so
7ff5056a0000-7ff5056a1000 rw-p 00003000 08:06 2712                       /usr/lib64/pango/1.8.0/modules/pango-basic-fc.so
7ff5056fc000-7ff5059d9000 rw-p 00000000 00:00 0 
7ff5059d9000-7ff5059e9000 r-xp 00000000 08:05 3412158                    /home/yahooguntu/jmonkeyplatform/jdk/jre/lib/amd64/libnio.so
7ff5059e9000-7ff505be9000 ---p 00010000 08:05 3412158                    /home/yahooguntu/jmonkeyplatform/jdk/jre/lib/amd64/libnio.so
7ff505be9000-7ff505bea000 rw-p 00010000 08:05 3412158                    /home/yahooguntu/jmonkeyplatform/jdk/jre/lib/amd64/libnio.so
7ff505bea000-7ff505c1b000 rw-p 00000000 00:00 0 
7ff505c1b000-7ff505c30000 r-xp 00000000 08:05 3412133                    /home/yahooguntu/jmonkeyplatform/jdk/jre/lib/amd64/libnet.so
7ff505c30000-7ff505e30000 ---p 00015000 08:05 3412133                    /home/yahooguntu/jmonkeyplatform/jdk/jre/lib/amd64/libnet.so
7ff505e30000-7ff505e31000 rw-p 00015000 08:05 3412133                    /home/yahooguntu/jmonkeyplatform/jdk/jre/lib/amd64/libnet.so
7ff505e31000-7ff505e75000 r-xp 00000000 08:05 3412144                    /home/yahooguntu/jmonkeyplatform/jdk/jre/lib/amd64/libfontmanager.so
7ff505e75000-7ff506075000 ---p 00044000 08:05 3412144                    /home/yahooguntu/jmonkeyplatform/jdk/jre/lib/amd64/libfontmanager.so
7ff506075000-7ff506079000 rw-p 00044000 08:05 3412144                    /home/yahooguntu/jmonkeyplatform/jdk/jre/lib/amd64/libfontmanager.so
7ff506079000-7ff506089000 rw-p 00000000 00:00 0 
7ff506089000-7ff50608c000 r-xp 00000000 08:06 3802973                    /usr/lib64/gtk-2.0/2.10.0/engines/libadwaita.so
7ff50608c000-7ff50628b000 ---p 00003000 08:06 3802973                    /usr/lib64/gtk-2.0/2.10.0/engines/libadwaita.so
7ff50628b000-7ff50628c000 r--p 00002000 08:06 3802973                    /usr/lib64/gtk-2.0/2.10.0/engines/libadwaita.so
7ff50628c000-7ff50628d000 rw-p 00003000 08:06 3802973                    /usr/lib64/gtk-2.0/2.10.0/engines/libadwaita.so
7ff50628d000-7ff506296000 r-xp 00000000 08:06 3807133                    /usr/lib64/gtk-2.0/2.10.0/engines/libpixmap.so
7ff506296000-7ff506496000 ---p 00009000 08:06 3807133                    /usr/lib64/gtk-2.0/2.10.0/engines/libpixmap.so
7ff506496000-7ff506497000 r--p 00009000 08:06 3807133                    /usr/lib64/gtk-2.0/2.10.0/engines/libpixmap.so
7ff506497000-7ff506498000 rw-p 0000a000 08:06 3807133                    /usr/lib64/gtk-2.0/2.10.0/engines/libpixmap.so
7ff506498000-7ff50649e000 r-xp 00000000 08:06 3811942                    /usr/lib64/libogg.so.0.8.0
7ff50649e000-7ff50669d000 ---p 00006000 08:06 3811942                    /usr/lib64/libogg.so.0.8.0
7ff50669d000-7ff50669e000 r--p 00005000 08:06 3811942                    /usr/lib64/libogg.so.0.8.0
7ff50669e000-7ff50669f000 rw-p 00006000 08:06 3811942                    /usr/lib64/libogg.so.0.8.0
7ff50669f000-7ff5066cb000 r-xp 00000000 08:06 3803175                    /usr/lib64/libvorbis.so.0.4.6
7ff5066cb000-7ff5068cb000 ---p 0002c000 08:06 3803175                    /usr/lib64/libvorbis.so.0.4.6
7ff5068cb000-7ff5068cc000 r--p 0002c000 08:06 3803175                    /usr/lib64/libvorbis.so.0.4.6
7ff5068cc000-7ff5068cd000 rw-p 0002d000 08:06 3803175                    /usr/lib64/libvorbis.so.0.4.6
7ff5068cd000-7ff5068d6000 r-xp 00000000 08:06 3811532                    /usr/lib64/libltdl.so.7.3.0
7ff5068d6000-7ff506ad5000 ---p 00009000 08:06 3811532                    /usr/lib64/libltdl.so.7.3.0
7ff506ad5000-7ff506ad6000 r--p 00008000 08:06 3811532                    /usr/lib64/libltdl.so.7.3.0
7ff506ad6000-7ff506ad7000 rw-p 00009000 08:06 3811532                    /usr/lib64/libltdl.so.7.3.0
7ff506ad7000-7ff506adf000 r-xp 00000000 08:06 3803509                    /usr/lib64/libvorbisfile.so.3.3.5
7ff506adf000-7ff506cde000 ---p 00008000 08:06 3803509                    /usr/lib64/libvorbisfile.so.3.3.5
7ff506cde000-7ff506cdf000 r--p 00007000 08:06 3803509                    /usr/lib64/libvorbisfile.so.3.3.5
7ff506cdf000-7ff506ce0000 rw-p 00008000 08:06 3803509                    /usr/lib64/libvorbisfile.so.3.3.5
7ff506ce0000-7ff507e00000 r--p 00000000 08:06 3811343                    /usr/lib64/libicudata.so.49.1
7ff507e00000-7ff507fff000 ---p 01120000 08:06 3811343                    /usr/lib64/libicudata.so.49.1
7ff507fff000-7ff508000000 r--p 0111f000 08:06 3811343                    /usr/lib64/libicudata.so.49.1
7ff508000000-7ff508021000 rw-p 00000000 00:00 0 
7ff508021000-7ff50c000000 ---p 00000000 00:00 0 
7ff50c007000-7ff50c013000 r--p 00000000 08:06 4287                       /usr/share/fonts/cantarell/Cantarell-Regular.otf
7ff50c04b000-7ff50c059000 r-xp 00000000 08:06 3811500                    /usr/lib64/libcanberra.so.0.2.5
7ff50c059000-7ff50c258000 ---p 0000e000 08:06 3811500                    /usr/lib64/libcanberra.so.0.2.5
7ff50c258000-7ff50c259000 r--p 0000d000 08:06 3811500                    /usr/lib64/libcanberra.so.0.2.5
7ff50c259000-7ff50c25a000 rw-p 0000e000 08:06 3811500                    /usr/lib64/libcanberra.so.0.2.5
7ff50c25a000-7ff50c25e000 r-xp 00000000 08:06 3811555                    /usr/lib64/libcanberra-gtk.so.0.1.9
7ff50c25e000-7ff50c45d000 ---p 00004000 08:06 3811555                    /usr/lib64/libcanberra-gtk.so.0.1.9
7ff50c45d000-7ff50c45e000 r--p 00003000 08:06 3811555                    /usr/lib64/libcanberra-gtk.so.0.1.9
7ff50c45e000-7ff50c45f000 rw-p 00004000 08:06 3811555                    /usr/lib64/libcanberra-gtk.so.0.1.9
7ff50c45f000-7ff50c464000 r-xp 00000000 08:06 3808185                    /usr/lib64/gtk-2.0/modules/libcanberra-gtk-module.so
7ff50c464000-7ff50c663000 ---p 00005000 08:06 3808185                    /usr/lib64/gtk-2.0/modules/libcanberra-gtk-module.so
7ff50c663000-7ff50c664000 r--p 00004000 08:06 3808185                    /usr/lib64/gtk-2.0/modules/libcanberra-gtk-module.so
7ff50c664000-7ff50c665000 rw-p 00005000 08:06 3808185                    /usr/lib64/gtk-2.0/modules/libcanberra-gtk-module.so
7ff50c665000-7ff50c666000 r-xp 00000000 08:06 3809292                    /usr/lib64/libgthread-2.0.so.0.3400.3
7ff50c666000-7ff50c865000 ---p 00001000 08:06 3809292                    /usr/lib64/libgthread-2.0.so.0.3400.3
7ff50c865000-7ff50c866000 r--p 00000000 08:06 3809292                    /usr/lib64/libgthread-2.0.so.0.3400.3
7ff50c866000-7ff50c867000 rw-p 00001000 08:06 3809292                    /usr/lib64/libgthread-2.0.so.0.3400.3
7ff50c867000-7ff50c87c000 r-xp 00000000 08:06 1966159                    /lib64/libgcc_s.so.1
7ff50c87c000-7ff50ca7b000 ---p 00015000 08:06 1966159                    /lib64/libgcc_s.so.1
7ff50ca7b000-7ff50ca7c000 r--p 00014000 08:06 1966159                    /lib64/libgcc_s.so.1
7ff50ca7c000-7ff50ca7d000 rw-p 00015000 08:06 1966159                    /lib64/libgcc_s.so.1
7ff50ca7d000-7ff50cb65000 r-xp 00000000 08:06 3811926                    /usr/lib64/libstdc++.so.6.0.17
7ff50cb65000-7ff50cd64000 ---p 000e8000 08:06 3811926                    /usr/lib64/libstdc++.so.6.0.17
7ff50cd64000-7ff50cd6c000 r--p 000e7000 08:06 3811926                    /usr/lib64/libstdc++.so.6.0.17
7ff50cd6c000-7ff50cd6e000 rw-p 000ef000 08:06 3811926                    /usr/lib64/libstdc++.so.6.0.17
7ff50cd6e000-7ff50cd83000 rw-p 00000000 00:00 0 
7ff50cd83000-7ff50ceeb000 r-xp 00000000 08:06 3812178                    /usr/lib64/libicuuc.so.49.1
7ff50ceeb000-7ff50d0ea000 ---p 00168000 08:06 3812178                    /usr/lib64/libicuuc.so.49.1
7ff50d0ea000-7ff50d0fb000 r--p 00167000 08:06 3812178                    /usr/lib64/libicuuc.so.49.1
7ff50d0fb000-7ff50d0fc000 rw-p 00178000 08:06 3812178                    /usr/lib64/libicuuc.so.49.1
7ff50d0fc000-7ff50d100000 rw-p 00000000 00:00 0 
7ff50d100000-7ff50d140000 r-xp 00000000 08:06 3808104                    /usr/lib64/libicule.so.49.1
7ff50d140000-7ff50d340000 ---p 00040000 08:06 3808104                    /usr/lib64/libicule.so.49.1
7ff50d340000-7ff50d342000 r--p 00040000 08:06 3808104                    /usr/lib64/libicule.so.49.1
7ff50d342000-7ff50d343000 rw-p 00042000 08:06 3808104                    /usr/lib64/libicule.so.49.1
7ff50d343000-7ff50d39e000 r-xp 00000000 08:06 3811773                    /usr/lib64/libpcre.so.1.0.1
7ff50d39e000-7ff50d59e000 ---p 0005b000 08:06 3811773                    /usr/lib64/libpcre.so.1.0.1
7ff50d59e000-7ff50d59f000 r--p 0005b000 08:06 3811773                    /usr/lib64/libpcre.so.1.0.1
7ff50d59f000-7ff50d5a0000 rw-p 0005c000 08:06 3811773                    /usr/lib64/libpcre.so.1.0.1
7ff50d5a0000-7ff50d5a7000 r-xp 00000000 08:06 3808432                    /usr/lib64/libffi.so.4.0.1
7ff50d5a7000-7ff50d7a6000 ---p 00007000 08:06 3808432                    /usr/lib64/libffi.so.4.0.1
7ff50d7a6000-7ff50d7a7000 r--p 00006000 08:06 3808432                    /usr/lib64/libffi.so.4.0.1
7ff50d7a7000-7ff50d7a8000 rw-p 00007000 08:06 3808432                    /usr/lib64/libffi.so.4.0.1
7ff50d7a8000-7ff50d7ce000 r-xp 00000000 08:06 3811348                    /usr/lib64/libexpat.so.1.6.0
7ff50d7ce000-7ff50d9ce000 ---p 00026000 08:06 3811348                    /usr/lib64/libexpat.so.1.6.0
7ff50d9ce000-7ff50d9d0000 r--p 00026000 08:06 3811348                    /usr/lib64/libexpat.so.1.6.0
7ff50d9d0000-7ff50d9d1000 rw-p 00028000 08:06 3811348                    /usr/lib64/libexpat.so.1.6.0
7ff50d9d1000-7ff50da63000 r-xp 00000000 08:06 3812004                    /usr/lib64/libharfbuzz.so.0.911.0
7ff50da63000-7ff50dc63000 ---p 00092000 08:06 3812004                    /usr/lib64/libharfbuzz.so.0.911.0
7ff50dc63000-7ff50dc65000 r--p 00092000 08:06 3812004                    /usr/lib64/libharfbuzz.so.0.911.0
7ff50dc65000-7ff50dc66000 rw-p 00094000 08:06 3812004                    /usr/lib64/libharfbuzz.so.0.911.0
7ff50dc66000-7ff50dc79000 r-xp 00000000 08:06 1966150                    /lib64/libresolv-2.17.so
7ff50dc79000-7ff50de79000 ---p 00013000 08:06 1966150                    /lib64/libresolv-2.17.so
7ff50de79000-7ff50de7a000 r--p 00013000 08:06 1966150                    /lib64/libresolv-2.17.so
7ff50de7a000-7ff50de7b000 rw-p 00014000 08:06 1966150                    /lib64/libresolv-2.17.so
7ff50de7b000-7ff50de7d000 rw-p 00000000 00:00 0 
7ff50de7d000-7ff50de9b000 r-xp 00000000 08:06 1966301                    /lib64/libselinux.so.1
7ff50de9b000-7ff50e09a000 ---p 0001e000 08:06 1966301                    /lib64/libselinux.so.1
7ff50e09a000-7ff50e09b000 r--p 0001d000 08:06 1966301                    /lib64/libselinux.so.1
7ff50e09b000-7ff50e09c000 rw-p 0001e000 08:06 1966301                    /lib64/libselinux.so.1
7ff50e09c000-7ff50e09d000 rw-p 00000000 00:00 0 
7ff50e09d000-7ff50e0b2000 r-xp 00000000 08:06 1966082                    /lib64/libz.so.1.2.7
7ff50e0b2000-7ff50e2b1000 ---p 00015000 08:06 1966082                    /lib64/libz.so.1.2.7
7ff50e2b1000-7ff50e2b2000 r--p 00014000 08:06 1966082                    /lib64/libz.so.1.2.7
7ff50e2b2000-7ff50e2b3000 rw-p 00015000 08:06 1966082                    /lib64/libz.so.1.2.7
7ff50e2b3000-7ff50e2bb000 r-xp 00000000 08:06 3808440                    /usr/lib64/libxcb-render.so.0.0.0
7ff50e2bb000-7ff50e4bb000 ---p 00008000 08:06 3808440                    /usr/lib64/libxcb-render.so.0.0.0
7ff50e4bb000-7ff50e4bc000 r--p 00008000 08:06 3808440                    /usr/lib64/libxcb-render.so.0.0.0
7ff50e4bc000-7ff50e4bd000 rw-p 00009000 08:06 3808440                    /usr/lib64/libxcb-render.so.0.0.0
7ff50e4bd000-7ff50e4bf000 r-xp 00000000 08:06 3811756                    /usr/lib64/libxcb-shm.so.0.0.0
7ff50e4bf000-7ff50e6be000 ---p 00002000 08:06 3811756                    /usr/lib64/libxcb-shm.so.0.0.0
7ff50e6be000-7ff50e6bf000 r--p 00001000 08:06 3811756                    /usr/lib64/libxcb-shm.so.0.0.0
7ff50e6bf000-7ff50e6c0000 rw-p 00002000 08:06 3811756                    /usr/lib64/libxcb-shm.so.0.0.0
7ff50e6c0000-7ff50e6ee000 r-xp 00000000 08:06 3808122                    /usr/lib64/libpng15.so.15.13.0
7ff50e6ee000-7ff50e8ed000 ---p 0002e000 08:06 3808122                    /usr/lib64/libpng15.so.15.13.0
7ff50e8ed000-7ff50e8ee000 r--p 0002d000 08:06 3808122                    /usr/lib64/libpng15.so.15.13.0
7ff50e8ee000-7ff50e8ef000 rw-p 0002e000 08:06 3808122                    /usr/lib64/libpng15.so.15.13.0
7ff50e8ef000-7ff50e980000 r-xp 00000000 08:06 3809122                    /usr/lib64/libpixman-1.so.0.28.2
7ff50e980000-7ff50eb7f000 ---p 00091000 08:06 3809122                    /usr/lib64/libpixman-1.so.0.28.2
7ff50eb7f000-7ff50eb86000 r--p 00090000 08:06 3809122                    /usr/lib64/libpixman-1.so.0.28.2
7ff50eb86000-7ff50eb87000 rw-p 00097000 08:06 3809122                    /usr/lib64/libpixman-1.so.0.28.2
7ff50eb87000-7ff50ec0f000 r-xp 00000000 08:06 3812098                    /usr/lib64/libfreetype.so.6.10.0
7ff50ec0f000-7ff50ee0f000 ---p 00088000 08:06 3812098                    /usr/lib64/libfreetype.so.6.10.0
7ff50ee0f000-7ff50ee14000 r--p 00088000 08:06 3812098                    /usr/lib64/libfreetype.so.6.10.0
7ff50ee14000-7ff50ee15000 rw-p 0008d000 08:06 3812098                    /usr/lib64/libfreetype.so.6.10.0
7ff50ee15000-7ff50ee17000 r-xp 00000000 08:06 3808215                    /usr/lib64/libXdamage.so.1.1.0
7ff50ee17000-7ff50f016000 ---p 00002000 08:06 3808215                    /usr/lib64/libXdamage.so.1.1.0
7ff50f016000-7ff50f017000 r--p 00001000 08:06 3808215                    /usr/lib64/libXdamage.so.1.1.0
7ff50f017000-7ff50f018000 rw-p 00002000 08:06 3808215                    /usr/lib64/libXdamage.so.1.1.0
7ff50f018000-7ff50f01a000 r-xp 00000000 08:06 3812136                    /usr/lib64/libXcomposite.so.1.0.0
7ff50f01a000-7ff50f219000 ---p 00002000 08:06 3812136                    /usr/lib64/libXcomposite.so.1.0.0
7ff50f219000-7ff50f21a000 r--p 00001000 08:06 3812136                    /usr/lib64/libXcomposite.so.1.0.0
7ff50f21a000-7ff50f21b000 rw-p 00002000 08:06 3812136                    /usr/lib64/libXcomposite.so.1.0.0
7ff50f21b000-7ff50f21d000 r-xp 00000000 08:06 3803021                    /usr/lib64/libXinerama.so.1.0.0
7ff50f21d000-7ff50f41c000 ---p 00002000 08:06 3803021                    /usr/lib64/libXinerama.so.1.0.0
7ff50f41c000-7ff50f41d000 r--p 00001000 08:06 3803021                    /usr/lib64/libXinerama.so.1.0.0
7ff50f41d000-7ff50f41e000 rw-p 00002000 08:06 3803021                    /usr/lib64/libXinerama.so.1.0.0
7ff50f41e000-7ff50f515000 r-xp 00000000 08:06 3811573                    /usr/lib64/libglib-2.0.so.0.3400.3
7ff50f515000-7ff50f714000 ---p 000f7000 08:06 3811573                    /usr/lib64/libglib-2.0.so.0.3400.3
7ff50f714000-7ff50f715000 r--p 000f6000 08:06 3811573                    /usr/lib64/libglib-2.0.so.0.3400.3
7ff50f715000-7ff50f716000 rw-p 000f7000 08:06 3811573                    /usr/lib64/libglib-2.0.so.0.3400.3
7ff50f716000-7ff50f717000 rw-p 00000000 00:00 0 
7ff50f717000-7ff50f764000 r-xp 00000000 08:06 3803192                    /usr/lib64/libgobject-2.0.so.0.3400.3
7ff50f764000-7ff50f964000 ---p 0004d000 08:06 3803192                    /usr/lib64/libgobject-2.0.so.0.3400.3
7ff50f964000-7ff50f965000 r--p 0004d000 08:06 3803192                    /usr/lib64/libgobject-2.0.so.0.3400.3
7ff50f965000-7ff50f966000 rw-p 0004e000 08:06 3803192                    /usr/lib64/libgobject-2.0.so.0.3400.3
7ff50f966000-7ff50f99e000 r-xp 00000000 08:06 3809294                    /usr/lib64/libfontconfig.so.1.6.2
7ff50f99e000-7ff50fb9e000 ---p 00038000 08:06 3809294                    /usr/lib64/libfontconfig.so.1.6.2
7ff50fb9e000-7ff50fb9f000 r--p 00038000 08:06 3809294                    /usr/lib64/libfontconfig.so.1.6.2
7ff50fb9f000-7ff50fba0000 rw-p 00039000 08:06 3809294                    /usr/lib64/libfontconfig.so.1.6.2
7ff50fba0000-7ff50fba1000 rw-p 00000000 00:00 0 
7ff50fba1000-7ff50fbe9000 r-xp 00000000 08:06 3803445                    /usr/lib64/libpango-1.0.so.0.3200.5
7ff50fbe9000-7ff50fde9000 ---p 00048000 08:06 3803445                    /usr/lib64/libpango-1.0.so.0.3200.5
7ff50fde9000-7ff50fdeb000 r--p 00048000 08:06 3803445                    /usr/lib64/libpango-1.0.so.0.3200.5
7ff50fdeb000-7ff50fdec000 rw-p 0004a000 08:06 3803445                    /usr/lib64/libpango-1.0.so.0.3200.5
7ff50fdec000-7ff50fdff000 r-xp 00000000 08:06 3807003                    /usr/lib64/libpangoft2-1.0.so.0.3200.5
7ff50fdff000-7ff50fffe000 ---p 00013000 08:06 3807003                    /usr/lib64/libpangoft2-1.0.so.0.3200.5
7ff50fffe000-7ff50ffff000 r--p 00012000 08:06 3807003                    /usr/lib64/libpangoft2-1.0.so.0.3200.5
7ff50ffff000-7ff510000000 rw-p 00013000 08:06 3807003                    /usr/lib64/libpangoft2-1.0.so.0.3200.5
7ff510000000-7ff510021000 rw-p 00000000 00:00 0 
7ff510021000-7ff514000000 ---p 00000000 00:00 0 
7ff51408d000-7ff51408e000 rw-s 104a21000 00:05 3676                      /dev/dri/card0
7ff5140be000-7ff5140c1000 r--s 00000000 08:06 1311164                    /var/cache/fontconfig/d458be102e54cf534d1eef0dcbb02d07-x86_64.cache-3
7ff5140c1000-7ff5140d4000 r--s 00000000 08:06 1311168                    /var/cache/fontconfig/7ef2298fde41cc6eeb7af42e48b7d293-x86_64.cache-3
7ff5140d4000-7ff5140ee000 r--s 00000000 08:06 1311167                    /var/cache/fontconfig/8d4af663993b81a124ee82e610bb31f9-x86_64.cache-3
7ff5140ee000-7ff5140fa000 r--s 00000000 08:06 1311163                    /var/cache/fontconfig/d42e465d3d703735db7577b46e8d64be-x86_64.cache-3
7ff5140fa000-7ff5140fb000 r--s 00000000 08:06 1311166                    /var/cache/fontconfig/6ba42ae0000f58711b5caaf10d690066-x86_64.cache-3
7ff5140fb000-7ff51412d000 r--s 00000000 08:06 1311169                    /var/cache/fontconfig/17090aa38d5c6f09fb8c5c354938f1d7-x86_64.cache-3
7ff5141d7000-7ff514327000 r-xp 00000000 08:06 3809322                    /usr/lib64/libgio-2.0.so.0.3400.3
7ff514327000-7ff514527000 ---p 00150000 08:06 3809322                    /usr/lib64/libgio-2.0.so.0.3400.3
7ff514527000-7ff51452b000 r--p 00150000 08:06 3809322                    /usr/lib64/libgio-2.0.so.0.3400.3
7ff51452b000-7ff51452d000 rw-p 00154000 08:06 3809322                    /usr/lib64/libgio-2.0.so.0.3400.3
7ff51452d000-7ff51452f000 rw-p 00000000 00:00 0 
7ff51452f000-7ff51454d000 r-xp 00000000 08:06 3803216                    /usr/lib64/libgdk_pixbuf-2.0.so.0.2600.5
7ff51454d000-7ff51474d000 ---p 0001e000 08:06 3803216                    /usr/lib64/libgdk_pixbuf-2.0.so.0.2600.5
7ff51474d000-7ff51474e000 r--p 0001e000 08:06 3803216                    /usr/lib64/libgdk_pixbuf-2.0.so.0.2600.5
7ff51474e000-7ff51474f000 rw-p 0001f000 08:06 3803216                    /usr/lib64/libgdk_pixbuf-2.0.so.0.2600.5
7ff51474f000-7ff514849000 r-xp 00000000 08:06 3804643                    /usr/lib64/libcairo.so.2.11200.8
7ff514849000-7ff514a48000 ---p 000fa000 08:06 3804643                    /usr/lib64/libcairo.so.2.11200.8
7ff514a48000-7ff514a4b000 r--p 000f9000 08:06 3804643                    /usr/lib64/libcairo.so.2.11200.8
7ff514a4b000-7ff514a4c000 rw-p 000fc000 08:06 3804643                    /usr/lib64/libcairo.so.2.11200.8
7ff514a4c000-7ff514a4e000 rw-p 00000000 00:00 0 
7ff514a4e000-7ff514a6f000 r-xp 00000000 08:06 3808679                    /usr/lib64/libatk-1.0.so.0.20609.1
7ff514a6f000-7ff514c6e000 ---p 00021000 08:06 3808679                    /usr/lib64/libatk-1.0.so.0.20609.1
7ff514c6e000-7ff514c70000 r--p 00020000 08:06 3808679                    /usr/lib64/libatk-1.0.so.0.20609.1
7ff514c70000-7ff514c71000 rw-p 00022000 08:06 3808679                    /usr/lib64/libatk-1.0.so.0.20609.1
7ff514c71000-7ff514c7d000 r-xp 00000000 08:06 3803459                    /usr/lib64/libpangocairo-1.0.so.0.3200.5
7ff514c7d000-7ff514e7c000 ---p 0000c000 08:06 3803459                    /usr/lib64/libpangocairo-1.0.so.0.3200.5
7ff514e7c000-7ff514e7d000 r--p 0000b000 08:06 3803459                    /usr/lib64/libpangocairo-1.0.so.0.3200.5
7ff514e7d000-7ff514e7e000 rw-p 0000c000 08:06 3803459                    /usr/lib64/libpangocairo-1.0.so.0.3200.5
7ff514e7e000-7ff514e81000 r-xp 00000000 08:06 3812100                    /usr/lib64/libgmodule-2.0.so.0.3400.3
7ff514e81000-7ff515080000 ---p 00003000 08:06 3812100                    /usr/lib64/libgmodule-2.0.so.0.3400.3
7ff515080000-7ff515081000 r--p 00002000 08:06 3812100                    /usr/lib64/libgmodule-2.0.so.0.3400.3
7ff515081000-7ff515082000 rw-p 00003000 08:06 3812100                    /usr/lib64/libgmodule-2.0.so.0.3400.3
7ff515082000-7ff515131000 r-xp 00000000 08:06 3807153                    /usr/lib64/libgdk-x11-2.0.so.0.2400.18
7ff515131000-7ff515330000 ---p 000af000 08:06 3807153                    /usr/lib64/libgdk-x11-2.0.so.0.2400.18
7ff515330000-7ff515334000 r--p 000ae000 08:06 3807153                    /usr/lib64/libgdk-x11-2.0.so.0.2400.18
7ff515334000-7ff515336000 rw-p 000b2000 08:06 3807153                    /usr/lib64/libgdk-x11-2.0.so.0.2400.18
7ff515336000-7ff515762000 r-xp 00000000 08:06 3807155                    /usr/lib64/libgtk-x11-2.0.so.0.2400.18
7ff515762000-7ff515962000 ---p 0042c000 08:06 3807155                    /usr/lib64/libgtk-x11-2.0.so.0.2400.18
7ff515962000-7ff515969000 r--p 0042c000 08:06 3807155                    /usr/lib64/libgtk-x11-2.0.so.0.2400.18
7ff515969000-7ff51596d000 rw-p 00433000 08:06 3807155                    /usr/lib64/libgtk-x11-2.0.so.0.2400.18
7ff51596d000-7ff51596f000 rw-p 00000000 00:00 0 
7ff51596f000-7ff515978000 r-xp 00000000 08:06 3804669                    /usr/lib64/libXrandr.so.2.2.0
7ff515978000-7ff515b77000 ---p 00009000 08:06 3804669                    /usr/lib64/libXrandr.so.2.2.0
7ff515b77000-7ff515b78000 r--p 00008000 08:06 3804669                    /usr/lib64/libXrandr.so.2.2.0
7ff515b78000-7ff515b79000 rw-p 00009000 08:06 3804669                    /usr/lib64/libXrandr.so.2.2.0
7ff515b79000-7ff515b7c000 ---p 00000000 00:00 0 
7ff515b7c000-7ff515c7a000 rw-p 00000000 00:00 0 
7ff515c7a000-7ff515c7d000 ---p 00000000 00:00 0 
7ff515c7d000-7ff515d7b000 rw-p 00000000 00:00 0                          [stack:31850]
7ff515d7b000-7ff515d7e000 ---p 00000000 00:00 0 
7ff515d7e000-7ff515e7c000 rw-p 00000000 00:00 0                          [stack:31853]
7ff515e7c000-7ff515e7f000 ---p 00000000 00:00 0 
7ff515e7f000-7ff515f7d000 rw-p 00000000 00:00 0                          [stack:31841]
7ff515f7d000-7ff515f82000 r-xp 00000000 08:06 3804909                    /usr/lib64/libXfixes.so.3.1.0
7ff515f82000-7ff516181000 ---p 00005000 08:06 3804909                    /usr/lib64/libXfixes.so.3.1.0
7ff516181000-7ff516182000 r--p 00004000 08:06 3804909                    /usr/lib64/libXfixes.so.3.1.0
7ff516182000-7ff516183000 rw-p 00005000 08:06 3804909                    /usr/lib64/libXfixes.so.3.1.0
7ff516183000-7ff51618d000 r-xp 00000000 08:06 3804640                    /usr/lib64/libXcursor.so.1.0.2
7ff51618d000-7ff51638c000 ---p 0000a000 08:06 3804640                    /usr/lib64/libXcursor.so.1.0.2
7ff51638c000-7ff51638d000 r--p 00009000 08:06 3804640                    /usr/lib64/libXcursor.so.1.0.2
7ff51638d000-7ff51638e000 rw-p 0000a000 08:06 3804640                    /usr/lib64/libXcursor.so.1.0.2
7ff51638e000-7ff516391000 ---p 00000000 00:00 0 
7ff516391000-7ff51648f000 rw-p 00000000 00:00 0                          [stack:31840]
7ff51648f000-7ff516492000 r-xp 00000000 08:06 3803752                    /usr/lib64/libXau.so.6.0.0
7ff516492000-7ff516691000 ---p 00003000 08:06 3803752                    /usr/lib64/libXau.so.6.0.0
7ff516691000-7ff516692000 r--p 00002000 08:06 3803752                    /usr/lib64/libXau.so.6.0.0
7ff516692000-7ff516693000 rw-p 00003000 08:06 3803752                    /usr/lib64/libXau.so.6.0.0
7ff516693000-7ff5166b1000 r-xp 00000000 08:06 3803198                    /usr/lib64/libxcb.so.1.1.0
7ff5166b1000-7ff5168b1000 ---p 0001e000 08:06 3803198                    /usr/lib64/libxcb.so.1.1.0
7ff5168b1000-7ff5168b2000 r--p 0001e000 08:06 3803198                    /usr/lib64/libxcb.so.1.1.0
7ff5168b2000-7ff5168b3000 rw-p 0001f000 08:06 3803198                    /usr/lib64/libxcb.so.1.1.0
7ff5168b3000-7ff5168c2000 r-xp 00000000 08:06 3805390                    /usr/lib64/libXi.so.6.1.0
7ff5168c2000-7ff516ac1000 ---p 0000f000 08:06 3805390                    /usr/lib64/libXi.so.6.1.0
7ff516ac1000-7ff516ac2000 r--p 0000e000 08:06 3805390                    /usr/lib64/libXi.so.6.1.0
7ff516ac2000-7ff516ac3000 rw-p 0000f000 08:06 3805390                    /usr/lib64/libXi.so.6.1.0
7ff516ac3000-7ff516ac8000 r-xp 00000000 08:06 3804663                    /usr/lib64/libXtst.so.6.1.0
7ff516ac8000-7ff516cc7000 ---p 00005000 08:06 3804663                    /usr/lib64/libXtst.so.6.1.0
7ff516cc7000-7ff516cc8000 r--p 00004000 08:06 3804663                    /usr/lib64/libXtst.so.6.1.0
7ff516cc8000-7ff516cc9000 rw-p 00005000 08:06 3804663                    /usr/lib64/libXtst.so.6.1.0
7ff516cc9000-7ff516cd2000 r-xp 00000000 08:06 3804903                    /usr/lib64/libXrender.so.1.3.0
7ff516cd2000-7ff516ed1000 ---p 00009000 08:06 3804903                    /usr/lib64/libXrender.so.1.3.0
7ff516ed1000-7ff516ed2000 r--p 00008000 08:06 3804903                    /usr/lib64/libXrender.so.1.3.0
7ff516ed2000-7ff516ed3000 rw-p 00009000 08:06 3804903                    /usr/lib64/libXrender.so.1.3.0
7ff516ed3000-7ff517009000 r-xp 00000000 08:06 3808670                    /usr/lib64/libX11.so.6.3.0
7ff517009000-7ff517209000 ---p 00136000 08:06 3808670                    /usr/lib64/libX11.so.6.3.0
7ff517209000-7ff51720a000 r--p 00136000 08:06 3808670                    /usr/lib64/libX11.so.6.3.0
7ff51720a000-7ff51720f000 rw-p 00137000 08:06 3808670                    /usr/lib64/libX11.so.6.3.0
7ff51720f000-7ff517220000 r-xp 00000000 08:06 3804915                    /usr/lib64/libXext.so.6.4.0
7ff517220000-7ff51741f000 ---p 00011000 08:06 3804915                    /usr/lib64/libXext.so.6.4.0
7ff51741f000-7ff517420000 r--p 00010000 08:06 3804915                    /usr/lib64/libXext.so.6.4.0
7ff517420000-7ff517421000 rw-p 00011000 08:06 3804915                    /usr/lib64/libXext.so.6.4.0
7ff517421000-7ff517422000 rw-s 104a20000 00:05 3676                      /dev/dri/card0
7ff517422000-7ff517423000 rw-s 104a0d000 00:05 3676                      /dev/dri/card0
7ff517423000-7ff517424000 rw-s 104a0c000 00:05 3676                      /dev/dri/card0
7ff517424000-7ff517425000 rw-s 10d3ad000 00:05 3676                      /dev/dri/card0
7ff517425000-7ff517426000 rw-s 1049d3000 00:05 3676                      /dev/dri/card0
7ff517426000-7ff517428000 rw-s 00000000 00:04 77422                      /drm mm object (deleted)
7ff517437000-7ff517487000 r-xp 00000000 08:05 3412105                    /home/yahooguntu/jmonkeyplatform/jdk/jre/lib/amd64/xawt/libmawt.so
7ff517487000-7ff517687000 ---p 00050000 08:05 3412105                    /home/yahooguntu/jmonkeyplatform/jdk/jre/lib/amd64/xawt/libmawt.so
7ff517687000-7ff51768b000 rw-p 00050000 08:05 3412105                    /home/yahooguntu/jmonkeyplatform/jdk/jre/lib/amd64/xawt/libmawt.so
7ff51768b000-7ff51768c000 rw-p 00000000 00:00 0 
7ff51768c000-7ff51772e000 r-xp 00000000 08:05 3412129                    /home/yahooguntu/jmonkeyplatform/jdk/jre/lib/amd64/libawt.so
7ff51772e000-7ff51792e000 ---p 000a2000 08:05 3412129                    /home/yahooguntu/jmonkeyplatform/jdk/jre/lib/amd64/libawt.so
7ff51792e000-7ff51793a000 rw-p 000a2000 08:05 3412129                    /home/yahooguntu/jmonkeyplatform/jdk/jre/lib/amd64/libawt.so
7ff51793a000-7ff51795e000 rw-p 00000000 00:00 0 
7ff51795e000-7ff517965000 r--s 0286f000 08:05 3540708                    /home/yahooguntu/.jmonkeyplatform/3.0/libs/jME3-testdata.jar
7ff517965000-7ff517968000 r--s 0001a000 08:05 3540772                    /home/yahooguntu/.jmonkeyplatform/3.0/libs/xmlpull-xpp3.jar
7ff517968000-7ff51796a000 r--s 00012000 08:05 3540752                    /home/yahooguntu/.jmonkeyplatform/3.0/libs/eventbus.jar
7ff51796a000-7ff51796c000 r--s 00010000 08:05 3540768                    /home/yahooguntu/.jmonkeyplatform/3.0/libs/nifty-style-black.jar
7ff51796c000-7ff517974000 r--s 00039000 08:05 3540766                    /home/yahooguntu/.jmonkeyplatform/3.0/libs/nifty-default-controls.jar
7ff517974000-7ff517980000 r--s 00076000 08:05 3540769                    /home/yahooguntu/.jmonkeyplatform/3.0/libs/nifty.jar
7ff517980000-7ff517981000 r--s 00008000 08:05 3540734                    /home/yahooguntu/.jmonkeyplatform/3.0/libs/jME3-niftygui.jar
7ff517981000-7ff517982000 r--s 0000b000 08:05 3540770                    /home/yahooguntu/.jmonkeyplatform/3.0/libs/stack-alloc.jar
7ff517982000-7ff517984000 r--s 0003c000 08:05 3540771                    /home/yahooguntu/.jmonkeyplatform/3.0/libs/vecmath.jar
7ff517984000-7ff51798e000 r--s 00079000 08:05 3540759                    /home/yahooguntu/.jmonkeyplatform/3.0/libs/jbullet.jar
7ff51798e000-7ff517992000 r--s 00025000 08:05 3540729                    /home/yahooguntu/.jmonkeyplatform/3.0/libs/jME3-jbullet.jar
7ff517992000-7ff5179a0000 r--s 000e2000 08:05 3540764                    /home/yahooguntu/.jmonkeyplatform/3.0/libs/lwjgl.jar
7ff5179a0000-7ff5179a4000 r--s 00030000 08:05 3540761                    /home/yahooguntu/.jmonkeyplatform/3.0/libs/jinput.jar
7ff5179a4000-7ff5179a6000 r--s 00243000 08:05 3540758                    /home/yahooguntu/.jmonkeyplatform/3.0/libs/jME3-lwjgl-natives.jar
7ff5179a6000-7ff5179a8000 r--s 00017000 08:05 3540732                    /home/yahooguntu/.jmonkeyplatform/3.0/libs/jME3-lwjgl.jar
7ff5179a8000-7ff5179ac000 r--s 00023000 08:05 3540737                    /home/yahooguntu/.jmonkeyplatform/3.0/libs/jME3-terrain.jar
7ff5179ac000-7ff5179ad000 r--s 00009000 08:05 3540755                    /home/yahooguntu/.jmonkeyplatform/3.0/libs/j-ogg-vorbisd.jar
7ff5179ad000-7ff5179af000 r--s 00005000 08:05 3540754                    /home/yahooguntu/.jmonkeyplatform/3.0/libs/j-ogg-oggd.jar
7ff5179af000-7ff5179b0000 r--s 00002000 08:05 3540730                    /home/yahooguntu/.jmonkeyplatform/3.0/libs/jME3-jogg.jar
7ff5179b0000-7ff5179b3000 r--s 0001c000 08:05 3540733                    /home/yahooguntu/.jmonkeyplatform/3.0/libs/jME3-networking.jar
7ff5179b3000-7ff5179b6000 r--s 0007f000 08:05 3540727                    /home/yahooguntu/.jmonkeyplatform/3.0/libs/jME3-effects.jar
7ff5179b6000-7ff5179b7000 r--s 00010000 08:05 3540736                    /home/yahooguntu/.jmonkeyplatform/3.0/libs/jME3-plugins.jar
7ff5179b7000-7ff5179ba000 r--s 00035000 08:05 3540726                    /home/yahooguntu/.jmonkeyplatform/3.0/libs/jME3-desktop.jar
7ff5179ba000-7ff5179cb000 r--s 0011b000 08:05 3540725                    /home/yahooguntu/.jmonkeyplatform/3.0/libs/jME3-core.jar
7ff5179cb000-7ff5179cc000 ---p 00000000 00:00 0 
7ff5179cc000-7ff517acc000 rw-p 00000000 00:00 0 
7ff517acc000-7ff517acf000 ---p 00000000 00:00 0 
7ff517acf000-7ff517bcd000 rw-p 00000000 00:00 0                          [stack:31838]
7ff517bcd000-7ff517bd0000 ---p 00000000 00:00 0 
7ff517bd0000-7ff517cce000 rw-p 00000000 00:00 0                          [stack:31837]
7ff517cce000-7ff517cd1000 ---p 00000000 00:00 0 
7ff517cd1000-7ff517dcf000 rw-p 00000000 00:00 0                          [stack:31836]
7ff517dcf000-7ff517dd2000 ---p 00000000 00:00 0 
7ff517dd2000-7ff517ed0000 rw-p 00000000 00:00 0                          [stack:31835]
7ff517ed0000-7ff518000000 r--p 00000000 08:06 3542403                    /usr/lib/locale/en_US.utf8/LC_COLLATE
7ff518000000-7ff518021000 rw-p 00000000 00:00 0 
7ff518021000-7ff51c000000 ---p 00000000 00:00 0 
7ff51c000000-7ff51c001000 rw-s 1049d2000 00:05 3676                      /dev/dri/card0
7ff51c02d000-7ff51c030000 ---p 00000000 00:00 0 
7ff51c030000-7ff51c12e000 rw-p 00000000 00:00 0                          [stack:31834]
7ff51c12e000-7ff51c131000 ---p 00000000 00:00 0 
7ff51c131000-7ff51c22f000 rw-p 00000000 00:00 0                          [stack:31833]
7ff51c22f000-7ff51c230000 ---p 00000000 00:00 0 
7ff51c230000-7ff51d354000 rw-p 00000000 00:00 0                          [stack:31832]
7ff51d354000-7ff51d511000 r--s 039dc000 08:05 3280794                    /home/yahooguntu/jmonkeyplatform/jdk/jre/lib/rt.jar
7ff51d511000-7ff51fcfd000 rw-p 00000000 00:00 0 
7ff51fcfd000-7ff51fcfe000 ---p 00000000 00:00 0 
7ff51fcfe000-7ff51fdfe000 rw-p 00000000 00:00 0                          [stack:31831]
7ff51fdfe000-7ff51fdff000 ---p 00000000 00:00 0 
7ff51fdff000-7ff51feff000 rw-p 00000000 00:00 0                          [stack:31830]
7ff51feff000-7ff51ff00000 ---p 00000000 00:00 0 
7ff51ff00000-7ff520000000 rw-p 00000000 00:00 0                          [stack:31829]
7ff520000000-7ff5202e5000 rw-p 00000000 00:00 0 
7ff5202e5000-7ff524000000 ---p 00000000 00:00 0 
7ff524061000-7ff524062000 ---p 00000000 00:00 0 
7ff524062000-7ff52417a000 rw-p 00000000 00:00 0                          [stack:31828]
7ff52417a000-7ff52418b000 rw-p 00000000 00:00 0 
7ff52418b000-7ff5241a6000 rw-p 00000000 00:00 0 
7ff5241a6000-7ff5241c0000 ---p 00000000 00:00 0 
7ff5241c0000-7ff5242c5000 rw-p 00000000 00:00 0 
7ff5242c5000-7ff5242dd000 rw-p 00000000 00:00 0 
7ff5242dd000-7ff5242ee000 rw-p 00000000 00:00 0 
7ff5242ee000-7ff524309000 rw-p 00000000 00:00 0 
7ff524309000-7ff524323000 ---p 00000000 00:00 0 
7ff524323000-7ff524427000 rw-p 00000000 00:00 0 
7ff524427000-7ff5244ba000 rw-p 00000000 00:00 0 
7ff5244ba000-7ff5244c4000 rw-p 00000000 00:00 0 
7ff5244c4000-7ff5244d0000 rw-p 00000000 00:00 0 
7ff5244d0000-7ff524585000 rw-p 00000000 00:00 0 
7ff524585000-7ff524815000 rwxp 00000000 00:00 0 
7ff524815000-7ff527585000 rw-p 00000000 00:00 0 
7ff527585000-7ff52759f000 r-xp 00000000 08:05 3412128                    /home/yahooguntu/jmonkeyplatform/jdk/jre/lib/amd64/libzip.so
7ff52759f000-7ff52779f000 ---p 0001a000 08:05 3412128                    /home/yahooguntu/jmonkeyplatform/jdk/jre/lib/amd64/libzip.so
7ff52779f000-7ff5277a0000 rw-p 0001a000 08:05 3412128                    /home/yahooguntu/jmonkeyplatform/jdk/jre/lib/amd64/libzip.so
7ff5277a0000-7ff5277c9000 r-xp 00000000 08:05 3412114                    /home/yahooguntu/jmonkeyplatform/jdk/jre/lib/amd64/libjava.so
7ff5277c9000-7ff5279c9000 ---p 00029000 08:05 3412114                    /home/yahooguntu/jmonkeyplatform/jdk/jre/lib/amd64/libjava.so
7ff5279c9000-7ff5279cb000 rw-p 00029000 08:05 3412114                    /home/yahooguntu/jmonkeyplatform/jdk/jre/lib/amd64/libjava.so
7ff5279cb000-7ff5279d8000 r-xp 00000000 08:05 3412141                    /home/yahooguntu/jmonkeyplatform/jdk/jre/lib/amd64/libverify.so
7ff5279d8000-7ff527bd7000 ---p 0000d000 08:05 3412141                    /home/yahooguntu/jmonkeyplatform/jdk/jre/lib/amd64/libverify.so
7ff527bd7000-7ff527bd9000 rw-p 0000c000 08:05 3412141                    /home/yahooguntu/jmonkeyplatform/jdk/jre/lib/amd64/libverify.so
7ff527bd9000-7ff527be0000 r-xp 00000000 08:06 1966305                    /lib64/librt-2.17.so
7ff527be0000-7ff527ddf000 ---p 00007000 08:06 1966305                    /lib64/librt-2.17.so
7ff527ddf000-7ff527de0000 r--p 00006000 08:06 1966305                    /lib64/librt-2.17.so
7ff527de0000-7ff527de1000 rw-p 00007000 08:06 1966305                    /lib64/librt-2.17.so
7ff527de1000-7ff527ede000 r-xp 00000000 08:06 1966163                    /lib64/libm-2.17.so
7ff527ede000-7ff5280dd000 ---p 000fd000 08:06 1966163                    /lib64/libm-2.17.so
7ff5280dd000-7ff5280de000 r--p 000fc000 08:06 1966163                    /lib64/libm-2.17.so
7ff5280de000-7ff5280df000 rw-p 000fd000 08:06 1966163                    /lib64/libm-2.17.so
7ff5280df000-7ff528b26000 r-xp 00000000 08:05 3412156                    /home/yahooguntu/jmonkeyplatform/jdk/jre/lib/amd64/server/libjvm.so
7ff528b26000-7ff528d26000 ---p 00a47000 08:05 3412156                    /home/yahooguntu/jmonkeyplatform/jdk/jre/lib/amd64/server/libjvm.so
7ff528d26000-7ff528dc9000 rw-p 00a47000 08:05 3412156                    /home/yahooguntu/jmonkeyplatform/jdk/jre/lib/amd64/server/libjvm.so
7ff528dc9000-7ff528e05000 rw-p 00000000 00:00 0 
7ff528e05000-7ff528fa9000 r-xp 00000000 08:06 1966294                    /lib64/libc-2.17.so
7ff528fa9000-7ff5291a9000 ---p 001a4000 08:06 1966294                    /lib64/libc-2.17.so
7ff5291a9000-7ff5291ad000 r--p 001a4000 08:06 1966294                    /lib64/libc-2.17.so
7ff5291ad000-7ff5291af000 rw-p 001a8000 08:06 1966294                    /lib64/libc-2.17.so
7ff5291af000-7ff5291b3000 rw-p 00000000 00:00 0 
7ff5291b3000-7ff5291b6000 r-xp 00000000 08:06 1966297                    /lib64/libdl-2.17.so
7ff5291b6000-7ff5293b5000 ---p 00003000 08:06 1966297                    /lib64/libdl-2.17.so
7ff5293b5000-7ff5293b6000 r--p 00002000 08:06 1966297                    /lib64/libdl-2.17.so
7ff5293b6000-7ff5293b7000 rw-p 00003000 08:06 1966297                    /lib64/libdl-2.17.so
7ff5293b7000-7ff5293cd000 r-xp 00000000 08:05 3412131                    /home/yahooguntu/jmonkeyplatform/jdk/jre/lib/amd64/jli/libjli.so
7ff5293cd000-7ff5295cd000 ---p 00016000 08:05 3412131                    /home/yahooguntu/jmonkeyplatform/jdk/jre/lib/amd64/jli/libjli.so
7ff5295cd000-7ff5295ce000 rw-p 00016000 08:05 3412131                    /home/yahooguntu/jmonkeyplatform/jdk/jre/lib/amd64/jli/libjli.so
7ff5295ce000-7ff5295e5000 r-xp 00000000 08:06 1966145                    /lib64/libpthread-2.17.so
7ff5295e5000-7ff5297e4000 ---p 00017000 08:06 1966145                    /lib64/libpthread-2.17.so
7ff5297e4000-7ff5297e5000 r--p 00016000 08:06 1966145                    /lib64/libpthread-2.17.so
7ff5297e5000-7ff5297e6000 rw-p 00017000 08:06 1966145                    /lib64/libpthread-2.17.so
7ff5297e6000-7ff5297ea000 rw-p 00000000 00:00 0 
7ff5297ea000-7ff52980b000 r-xp 00000000 08:06 1966215                    /lib64/ld-2.17.so
7ff52980b000-7ff52980d000 rw-s 00000000 00:04 77419                      /drm mm object (deleted)
7ff52980d000-7ff52980e000 rw-s 00000000 00:04 80554                      /drm mm object (deleted)
7ff52980e000-7ff52980f000 rwxp 00000000 00:00 0 
7ff52980f000-7ff529844000 r--s 00000000 00:10 7657                       /var/run/nscd/dbQXlGCC (deleted)
7ff529844000-7ff52984e000 r--s 00254000 08:05 3280784                    /home/yahooguntu/jmonkeyplatform/jdk/jre/lib/resources.jar
7ff52984e000-7ff52988d000 r--p 00000000 08:06 3542348                    /usr/lib/locale/en_US.utf8/LC_CTYPE
7ff52988d000-7ff52988e000 r--p 00000000 08:06 3542330                    /usr/lib/locale/en_US.utf8/LC_NUMERIC
7ff52988e000-7ff52988f000 r--p 00000000 08:06 3413320                    /usr/lib/locale/en_US.utf8/LC_TIME
7ff52988f000-7ff529890000 r--p 00000000 08:06 3413319                    /usr/lib/locale/en_US.utf8/LC_MONETARY
7ff529890000-7ff529891000 r--p 00000000 08:06 3408675                    /usr/lib/locale/en_US.utf8/LC_MESSAGES/SYS_LC_MESSAGES
7ff529891000-7ff529892000 r--p 00000000 08:06 3408629                    /usr/lib/locale/en_US.utf8/LC_PAPER
7ff529892000-7ff5298ba000 rw-p 00000000 00:00 0 
7ff5298ba000-7ff5298ef000 r--s 00000000 00:10 7655                       /var/run/nscd/passwd
7ff5298ef000-7ff5298f2000 ---p 00000000 00:00 0 
7ff5298f2000-7ff5299f4000 rw-p 00000000 00:00 0                          [stack:31827]
7ff5299f4000-7ff5299f5000 r--p 00000000 08:06 3408593                    /usr/lib/locale/en_US.utf8/LC_NAME
7ff5299f5000-7ff5299f6000 r--p 00000000 08:06 3408674                    /usr/lib/locale/en_US.utf8/LC_ADDRESS
7ff5299f6000-7ff5299f7000 r--p 00000000 08:06 3408676                    /usr/lib/locale/en_US.utf8/LC_TELEPHONE
7ff5299f7000-7ff5299f8000 r--p 00000000 08:06 3408628                    /usr/lib/locale/en_US.utf8/LC_MEASUREMENT
7ff5299f8000-7ff5299ff000 r--s 00000000 08:06 3489                       /usr/lib64/gconv/gconv-modules.cache
7ff5299ff000-7ff529a00000 r--p 00000000 08:06 3411833                    /usr/lib/locale/en_US.utf8/LC_IDENTIFICATION
7ff529a00000-7ff529a08000 rw-s 00000000 08:06 1049043                    /tmp/hsperfdata_yahooguntu/31822 (deleted)
7ff529a08000-7ff529a09000 rw-p 00000000 00:00 0 
7ff529a09000-7ff529a0a000 ---p 00000000 00:00 0 
7ff529a0a000-7ff529a0b000 rw-p 00000000 00:00 0 
7ff529a0b000-7ff529a0c000 r--p 00021000 08:06 1966215                    /lib64/ld-2.17.so
7ff529a0c000-7ff529a0d000 rw-p 00022000 08:06 1966215                    /lib64/ld-2.17.so
7ff529a0d000-7ff529a0e000 rw-p 00000000 00:00 0 
7fffc834b000-7fffc836d000 rw-p 00000000 00:00 0                          [stack]
7fffc83d7000-7fffc83d8000 r-xp 00000000 00:00 0                          [vdso]
ffffffffff600000-ffffffffff601000 r-xp 00000000 00:00 0                  [vsyscall]

VM Arguments:
jvm_args: -Dfile.encoding=UTF-8 
java_command: mygame.Main
Launcher Type: SUN_STANDARD

Environment Variables:
JAVA_HOME=/usr/java/latest
JRE_HOME=/usr/lib64/jvm/jre
PATH=/home/yahooguntu/bin:/usr/local/bin:/usr/bin:/bin:/usr/bin/X11:/usr/X11R6/bin:/usr/games:/usr/lib/mit/bin
USERNAME=yahooguntu
LD_LIBRARY_PATH=/home/yahooguntu/jmonkeyplatform/bin/../jdk/jre/lib/amd64:/home/yahooguntu/jmonkeyplatform/bin/../jdk/jre/lib/i386:
SHELL=/bin/bash
DISPLAY=:0
HOSTTYPE=x86_64
OSTYPE=linux
MACHTYPE=x86_64-suse-linux

Signal Handlers:
SIGSEGV: [libjvm.so+0x8a5c80], sa_mask[0]=0x7ffbfeff, sa_flags=0x10000004
SIGBUS: [libjvm.so+0x8a5c80], sa_mask[0]=0x7ffbfeff, sa_flags=0x10000004
SIGFPE: [libjvm.so+0x741d60], sa_mask[0]=0x7ffbfeff, sa_flags=0x10000004
SIGPIPE: SIG_IGN, sa_mask[0]=0x00001000, sa_flags=0x10000000
SIGXFSZ: [libjvm.so+0x741d60], sa_mask[0]=0x7ffbfeff, sa_flags=0x10000004
SIGILL: [libjvm.so+0x741d60], sa_mask[0]=0x7ffbfeff, sa_flags=0x10000004
SIGUSR1: SIG_DFL, sa_mask[0]=0x00000000, sa_flags=0x00000000
SIGUSR2: [libjvm.so+0x7416b0], sa_mask[0]=0x00000004, sa_flags=0x10000004
SIGHUP: [libjvm.so+0x743a40], sa_mask[0]=0x7ffbfeff, sa_flags=0x10000004
SIGINT: SIG_IGN, sa_mask[0]=0x00000000, sa_flags=0x00000000
SIGTERM: [libjvm.so+0x743a40], sa_mask[0]=0x7ffbfeff, sa_flags=0x10000004
SIGQUIT: [libjvm.so+0x743a40], sa_mask[0]=0x7ffbfeff, sa_flags=0x10000004


---------------  S Y S T E M  ---------------

OS:openSUSE 12.3 (x86_64)
VERSION = 12.3
CODENAME = Dartmouth

uname:Linux 3.7.10-1.16-desktop #1 SMP PREEMPT Fri May 31 20:21:23 UTC 2013 (97c14ba) x86_64
libc:glibc 2.17 NPTL 2.17 
rlimit: STACK 8192k, CORE 0k, NPROC 29805, NOFILE 4096, AS infinity
load average:0.93 22.90 31.44

/proc/meminfo:
MemTotal:        3848460 kB
MemFree:         1415940 kB
Buffers:           19544 kB
Cached:           372036 kB
SwapCached:            0 kB
Active:          1980984 kB
Inactive:         323572 kB
Active(anon):    1951152 kB
Inactive(anon):   141228 kB
Active(file):      29832 kB
Inactive(file):   182344 kB
Unevictable:           0 kB
Mlocked:               0 kB
SwapTotal:             0 kB
SwapFree:              0 kB
Dirty:               396 kB
Writeback:             0 kB
AnonPages:       1904896 kB
Mapped:            74180 kB
Shmem:            179472 kB
Slab:              46628 kB
SReclaimable:      16160 kB
SUnreclaim:        30468 kB
KernelStack:        3280 kB
PageTables:        22136 kB
NFS_Unstable:          0 kB
Bounce:                0 kB
WritebackTmp:          0 kB
CommitLimit:     1924228 kB
Committed_AS:    3655596 kB
VmallocTotal:   34359738367 kB
VmallocUsed:      558216 kB
VmallocChunk:   34359175724 kB
HardwareCorrupted:     0 kB
AnonHugePages:   1388544 kB
HugePages_Total:       0
HugePages_Free:        0
HugePages_Rsvd:        0
HugePages_Surp:        0
Hugepagesize:       2048 kB
DirectMap4k:       59392 kB
DirectMap2M:     3930112 kB


CPU:total 4 (2 cores per cpu, 2 threads per core) family 6 model 37 stepping 5, cmov, cx8, fxsr, mmx, sse, sse2, sse3, ssse3, sse4.1, sse4.2, popcnt, ht, tsc, tscinvbit

/proc/cpuinfo:
processor	: 0
vendor_id	: GenuineIntel
cpu family	: 6
model		: 37
model name	: Intel(R) Core(TM) i5 CPU       M 560  @ 2.67GHz
stepping	: 5
microcode	: 0x3
cpu MHz		: 2667.000
cache size	: 3072 KB
physical id	: 0
siblings	: 4
core id		: 0
cpu cores	: 2
apicid		: 0
initial apicid	: 0
fpu		: yes
fpu_exception	: yes
cpuid level	: 11
wp		: yes
flags		: fpu vme de pse tsc msr pae mce cx8 apic sep mtrr pge mca cmov pat pse36 clflush dts acpi mmx fxsr sse sse2 ss ht tm pbe syscall nx rdtscp lm constant_tsc arch_perfmon pebs bts rep_good nopl xtopology nonstop_tsc aperfmperf pni pclmulqdq dtes64 monitor ds_cpl vmx smx est tm2 ssse3 cx16 xtpr pdcm pcid sse4_1 sse4_2 popcnt aes lahf_lm ida arat dtherm tpr_shadow vnmi flexpriority ept vpid
bogomips	: 5319.78
clflush size	: 64
cache_alignment	: 64
address sizes	: 36 bits physical, 48 bits virtual
power management:

processor	: 1
vendor_id	: GenuineIntel
cpu family	: 6
model		: 37
model name	: Intel(R) Core(TM) i5 CPU       M 560  @ 2.67GHz
stepping	: 5
microcode	: 0x3
cpu MHz		: 2667.000
cache size	: 3072 KB
physical id	: 0
siblings	: 4
core id		: 0
cpu cores	: 2
apicid		: 1
initial apicid	: 1
fpu		: yes
fpu_exception	: yes
cpuid level	: 11
wp		: yes
flags		: fpu vme de pse tsc msr pae mce cx8 apic sep mtrr pge mca cmov pat pse36 clflush dts acpi mmx fxsr sse sse2 ss ht tm pbe syscall nx rdtscp lm constant_tsc arch_perfmon pebs bts rep_good nopl xtopology nonstop_tsc aperfmperf pni pclmulqdq dtes64 monitor ds_cpl vmx smx est tm2 ssse3 cx16 xtpr pdcm pcid sse4_1 sse4_2 popcnt aes lahf_lm ida arat dtherm tpr_shadow vnmi flexpriority ept vpid
bogomips	: 5319.78
clflush size	: 64
cache_alignment	: 64
address sizes	: 36 bits physical, 48 bits virtual
power management:

processor	: 2
vendor_id	: GenuineIntel
cpu family	: 6
model		: 37
model name	: Intel(R) Core(TM) i5 CPU       M 560  @ 2.67GHz
stepping	: 5
microcode	: 0x3
cpu MHz		: 2667.000
cache size	: 3072 KB
physical id	: 0
siblings	: 4
core id		: 2
cpu cores	: 2
apicid		: 4
initial apicid	: 4
fpu		: yes
fpu_exception	: yes
cpuid level	: 11
wp		: yes
flags		: fpu vme de pse tsc msr pae mce cx8 apic sep mtrr pge mca cmov pat pse36 clflush dts acpi mmx fxsr sse sse2 ss ht tm pbe syscall nx rdtscp lm constant_tsc arch_perfmon pebs bts rep_good nopl xtopology nonstop_tsc aperfmperf pni pclmulqdq dtes64 monitor ds_cpl vmx smx est tm2 ssse3 cx16 xtpr pdcm pcid sse4_1 sse4_2 popcnt aes lahf_lm ida arat dtherm tpr_shadow vnmi flexpriority ept vpid
bogomips	: 5319.78
clflush size	: 64
cache_alignment	: 64
address sizes	: 36 bits physical, 48 bits virtual
power management:

processor	: 3
vendor_id	: GenuineIntel
cpu family	: 6
model		: 37
model name	: Intel(R) Core(TM) i5 CPU       M 560  @ 2.67GHz
stepping	: 5
microcode	: 0x3
cpu MHz		: 2667.000
cache size	: 3072 KB
physical id	: 0
siblings	: 4
core id		: 2
cpu cores	: 2
apicid		: 5
initial apicid	: 5
fpu		: yes
fpu_exception	: yes
cpuid level	: 11
wp		: yes
flags		: fpu vme de pse tsc msr pae mce cx8 apic sep mtrr pge mca cmov pat pse36 clflush dts acpi mmx fxsr sse sse2 ss ht tm pbe syscall nx rdtscp lm constant_tsc arch_perfmon pebs bts rep_good nopl xtopology nonstop_tsc aperfmperf pni pclmulqdq dtes64 monitor ds_cpl vmx smx est tm2 ssse3 cx16 xtpr pdcm pcid sse4_1 sse4_2 popcnt aes lahf_lm ida arat dtherm tpr_shadow vnmi flexpriority ept vpid
bogomips	: 5319.78
clflush size	: 64
cache_alignment	: 64
address sizes	: 36 bits physical, 48 bits virtual
power management:



Memory: 4k page, physical 3848460k(1415940k free), swap 0k(0k free)

vm_info: Java HotSpot(TM) 64-Bit Server VM (23.6-b04) for linux-amd64 JRE (1.7.0_11-b21), built on Jan 12 2013 01:43:03 by "java_re" with gcc 4.3.0 20080428 (Red Hat 4.3.0-8)

time: Wed Dec  4 13:14:51 2013
elapsed time: 22 seconds

